The target system is: Generic -  - 
The host system is: Darwin - 22.2.0 - arm64
Compiling the C compiler identification source file "CMakeCCompilerId.c" succeeded.
Compiler: /Users/aidancostello/.espressif/tools/xtensa-esp32s3-elf/esp-2022r1-11.2.0/xtensa-esp32s3-elf/bin/xtensa-esp32s3-elf-gcc 
Build flags: -mlongcalls;
Id flags:  

The output was:
0


Compilation of the C compiler identification source "CMakeCCompilerId.c" produced "a.out"

The C compiler identification is GNU, found in "/Users/aidancostello/Github/TARS-Software/flight/blink/build/CMakeFiles/3.24.0/CompilerIdC/a.out"

Compiling the CXX compiler identification source file "CMakeCXXCompilerId.cpp" succeeded.
Compiler: /Users/aidancostello/.espressif/tools/xtensa-esp32s3-elf/esp-2022r1-11.2.0/xtensa-esp32s3-elf/bin/xtensa-esp32s3-elf-g++ 
Build flags: -mlongcalls;
Id flags:  

The output was:
0


Compilation of the CXX compiler identification source "CMakeCXXCompilerId.cpp" produced "a.out"

The CXX compiler identification is GNU, found in "/Users/aidancostello/Github/TARS-Software/flight/blink/build/CMakeFiles/3.24.0/CompilerIdCXX/a.out"

Checking whether the ASM compiler is GNU using "--version" matched "(GNU assembler)|(GCC)|(Free Software Foundation)":
xtensa-esp32s3-elf-gcc (crosstool-NG esp-2022r1) 11.2.0
Copyright (C) 2021 Free Software Foundation, Inc.
This is free software; see the source for copying conditions.  There is NO
warranty; not even for MERCHANTABILITY or FITNESS FOR A PARTICULAR PURPOSE.

Detecting C compiler ABI info compiled with the following output:
Change Dir: /Users/aidancostello/Github/TARS-Software/flight/blink/build/CMakeFiles/CMakeTmp

Run Build Command(s):/Users/aidancostello/.espressif/tools/ninja/1.10.2/ninja cmTC_98ea5 && [1/2] Building C object CMakeFiles/cmTC_98ea5.dir/CMakeCCompilerABI.c.obj
Using built-in specs.
COLLECT_GCC=/Users/aidancostello/.espressif/tools/xtensa-esp32s3-elf/esp-2022r1-11.2.0/xtensa-esp32s3-elf/bin/xtensa-esp32s3-elf-gcc
Target: xtensa-esp32s3-elf
Configured with: /Users/brnomac003/.gitlab-runner/builds/qR2TxTby/0/idf/crosstool-NG/.build/xtensa-esp32s3-elf/src/gcc/configure --build=aarch64-build_apple-darwin21.4.0 --host=aarch64-build_apple-darwin21.4.0 --target=xtensa-esp32s3-elf --prefix=/Users/brnomac003/.gitlab-runner/builds/qR2TxTby/0/idf/crosstool-NG/builds/xtensa-esp32s3-elf --exec_prefix=/Users/brnomac003/.gitlab-runner/builds/qR2TxTby/0/idf/crosstool-NG/builds/xtensa-esp32s3-elf --with-local-prefix=/Users/brnomac003/.gitlab-runner/builds/qR2TxTby/0/idf/crosstool-NG/builds/xtensa-esp32s3-elf/xtensa-esp32s3-elf --with-headers=/Users/brnomac003/.gitlab-runner/builds/qR2TxTby/0/idf/crosstool-NG/builds/xtensa-esp32s3-elf/xtensa-esp32s3-elf/include --with-newlib --enable-threads=no --disable-shared --with-pkgversion='crosstool-NG esp-2022r1' --disable-__cxa_atexit --enable-cxx-flags=-ffunction-sections --disable-libgomp --disable-libmudflap --disable-libmpx --disable-libssp --disable-libquadmath --disable-libquadmath-support --disable-libstdcxx-verbose --with-gmp=/Users/brnomac003/.gitlab-runner/builds/qR2TxTby/0/idf/crosstool-NG/.build/xtensa-esp32s3-elf/buildtools --with-mpfr=/Users/brnomac003/.gitlab-runner/builds/qR2TxTby/0/idf/crosstool-NG/.build/xtensa-esp32s3-elf/buildtools --with-mpc=/Users/brnomac003/.gitlab-runner/builds/qR2TxTby/0/idf/crosstool-NG/.build/xtensa-esp32s3-elf/buildtools --with-isl=/Users/brnomac003/.gitlab-runner/builds/qR2TxTby/0/idf/crosstool-NG/.build/xtensa-esp32s3-elf/buildtools --enable-lto --enable-target-optspace --without-long-double-128 --disable-nls --enable-multiarch --enable-languages=c,c++ --disable-libstdcxx-verbose --enable-threads=posix --enable-gcov-custom-rtio --enable-libstdcxx-time=yes
Thread model: posix
Supported LTO compression algorithms: zlib
gcc version 11.2.0 (crosstool-NG esp-2022r1) 
COLLECT_GCC_OPTIONS='-mlongcalls' '-v' '-o' 'CMakeFiles/cmTC_98ea5.dir/CMakeCCompilerABI.c.obj' '-c' '-dumpdir' 'CMakeFiles/cmTC_98ea5.dir/'
 /Users/aidancostello/.espressif/tools/xtensa-esp32s3-elf/esp-2022r1-11.2.0/xtensa-esp32s3-elf/bin/../libexec/gcc/xtensa-esp32s3-elf/11.2.0/cc1 -quiet -v -iprefix /Users/aidancostello/.espressif/tools/xtensa-esp32s3-elf/esp-2022r1-11.2.0/xtensa-esp32s3-elf/bin/../lib/gcc/xtensa-esp32s3-elf/11.2.0/ /Users/aidancostello/.espressif/tools/cmake/3.24.0/CMake.app/Contents/share/cmake-3.24/Modules/CMakeCCompilerABI.c -quiet -dumpdir CMakeFiles/cmTC_98ea5.dir/ -dumpbase CMakeCCompilerABI.c.c -dumpbase-ext .c -mlongcalls -version -o /var/folders/36/9917g7bd6bs6kbfbt_gq52640000gn/T//ccY0CKQb.s
GNU C17 (crosstool-NG esp-2022r1) version 11.2.0 (xtensa-esp32s3-elf)
	compiled by GNU C version Apple LLVM 13.0.0 (clang-1300.0.27.3), GMP version 6.2.1, MPFR version 4.1.0, MPC version 1.2.1, isl version isl-0.24-GMP

GGC heuristics: --param ggc-min-expand=100 --param ggc-min-heapsize=131072
ignoring duplicate directory "/Users/aidancostello/.espressif/tools/xtensa-esp32s3-elf/esp-2022r1-11.2.0/xtensa-esp32s3-elf/bin/../lib/gcc/../../lib/gcc/xtensa-esp32s3-elf/11.2.0/include"
ignoring duplicate directory "/Users/aidancostello/.espressif/tools/xtensa-esp32s3-elf/esp-2022r1-11.2.0/xtensa-esp32s3-elf/bin/../lib/gcc/../../lib/gcc/xtensa-esp32s3-elf/11.2.0/include-fixed"
ignoring duplicate directory "/Users/aidancostello/.espressif/tools/xtensa-esp32s3-elf/esp-2022r1-11.2.0/xtensa-esp32s3-elf/bin/../lib/gcc/../../lib/gcc/xtensa-esp32s3-elf/11.2.0/../../../../xtensa-esp32s3-elf/sys-include"
ignoring duplicate directory "/Users/aidancostello/.espressif/tools/xtensa-esp32s3-elf/esp-2022r1-11.2.0/xtensa-esp32s3-elf/bin/../lib/gcc/../../lib/gcc/xtensa-esp32s3-elf/11.2.0/../../../../xtensa-esp32s3-elf/include"
#include "..." search starts here:
#include <...> search starts here:
 /Users/aidancostello/.espressif/tools/xtensa-esp32s3-elf/esp-2022r1-11.2.0/xtensa-esp32s3-elf/bin/../lib/gcc/xtensa-esp32s3-elf/11.2.0/include
 /Users/aidancostello/.espressif/tools/xtensa-esp32s3-elf/esp-2022r1-11.2.0/xtensa-esp32s3-elf/bin/../lib/gcc/xtensa-esp32s3-elf/11.2.0/include-fixed
 /Users/aidancostello/.espressif/tools/xtensa-esp32s3-elf/esp-2022r1-11.2.0/xtensa-esp32s3-elf/bin/../lib/gcc/xtensa-esp32s3-elf/11.2.0/../../../../xtensa-esp32s3-elf/sys-include
 /Users/aidancostello/.espressif/tools/xtensa-esp32s3-elf/esp-2022r1-11.2.0/xtensa-esp32s3-elf/bin/../lib/gcc/xtensa-esp32s3-elf/11.2.0/../../../../xtensa-esp32s3-elf/include
End of search list.
GNU C17 (crosstool-NG esp-2022r1) version 11.2.0 (xtensa-esp32s3-elf)
	compiled by GNU C version Apple LLVM 13.0.0 (clang-1300.0.27.3), GMP version 6.2.1, MPFR version 4.1.0, MPC version 1.2.1, isl version isl-0.24-GMP

GGC heuristics: --param ggc-min-expand=100 --param ggc-min-heapsize=131072
Compiler executable checksum: 605c7ff3962f40c2dd4b1829bc1d5186
COLLECT_GCC_OPTIONS='-mlongcalls' '-v' '-o' 'CMakeFiles/cmTC_98ea5.dir/CMakeCCompilerABI.c.obj' '-c' '-dumpdir' 'CMakeFiles/cmTC_98ea5.dir/'
 /Users/aidancostello/.espressif/tools/xtensa-esp32s3-elf/esp-2022r1-11.2.0/xtensa-esp32s3-elf/bin/../lib/gcc/xtensa-esp32s3-elf/11.2.0/../../../../xtensa-esp32s3-elf/bin/as --traditional-format --longcalls -o CMakeFiles/cmTC_98ea5.dir/CMakeCCompilerABI.c.obj /var/folders/36/9917g7bd6bs6kbfbt_gq52640000gn/T//ccY0CKQb.s
COMPILER_PATH=/Users/aidancostello/.espressif/tools/xtensa-esp32s3-elf/esp-2022r1-11.2.0/xtensa-esp32s3-elf/bin/../libexec/gcc/xtensa-esp32s3-elf/11.2.0/:/Users/aidancostello/.espressif/tools/xtensa-esp32s3-elf/esp-2022r1-11.2.0/xtensa-esp32s3-elf/bin/../libexec/gcc/:/Users/aidancostello/.espressif/tools/xtensa-esp32s3-elf/esp-2022r1-11.2.0/xtensa-esp32s3-elf/bin/../lib/gcc/xtensa-esp32s3-elf/11.2.0/../../../../xtensa-esp32s3-elf/bin/
LIBRARY_PATH=/Users/aidancostello/.espressif/tools/xtensa-esp32s3-elf/esp-2022r1-11.2.0/xtensa-esp32s3-elf/bin/../lib/gcc/xtensa-esp32s3-elf/11.2.0/:/Users/aidancostello/.espressif/tools/xtensa-esp32s3-elf/esp-2022r1-11.2.0/xtensa-esp32s3-elf/bin/../lib/gcc/:/Users/aidancostello/.espressif/tools/xtensa-esp32s3-elf/esp-2022r1-11.2.0/xtensa-esp32s3-elf/bin/../lib/gcc/xtensa-esp32s3-elf/11.2.0/../../../../xtensa-esp32s3-elf/lib/
COLLECT_GCC_OPTIONS='-mlongcalls' '-v' '-o' 'CMakeFiles/cmTC_98ea5.dir/CMakeCCompilerABI.c.obj' '-c' '-dumpdir' 'CMakeFiles/cmTC_98ea5.dir/CMakeCCompilerABI.c.'
[2/2] Linking C executable cmTC_98ea5
Using built-in specs.
COLLECT_GCC=/Users/aidancostello/.espressif/tools/xtensa-esp32s3-elf/esp-2022r1-11.2.0/xtensa-esp32s3-elf/bin/xtensa-esp32s3-elf-gcc
COLLECT_LTO_WRAPPER=/Users/aidancostello/.espressif/tools/xtensa-esp32s3-elf/esp-2022r1-11.2.0/xtensa-esp32s3-elf/bin/../libexec/gcc/xtensa-esp32s3-elf/11.2.0/lto-wrapper
Target: xtensa-esp32s3-elf
Configured with: /Users/brnomac003/.gitlab-runner/builds/qR2TxTby/0/idf/crosstool-NG/.build/xtensa-esp32s3-elf/src/gcc/configure --build=aarch64-build_apple-darwin21.4.0 --host=aarch64-build_apple-darwin21.4.0 --target=xtensa-esp32s3-elf --prefix=/Users/brnomac003/.gitlab-runner/builds/qR2TxTby/0/idf/crosstool-NG/builds/xtensa-esp32s3-elf --exec_prefix=/Users/brnomac003/.gitlab-runner/builds/qR2TxTby/0/idf/crosstool-NG/builds/xtensa-esp32s3-elf --with-local-prefix=/Users/brnomac003/.gitlab-runner/builds/qR2TxTby/0/idf/crosstool-NG/builds/xtensa-esp32s3-elf/xtensa-esp32s3-elf --with-headers=/Users/brnomac003/.gitlab-runner/builds/qR2TxTby/0/idf/crosstool-NG/builds/xtensa-esp32s3-elf/xtensa-esp32s3-elf/include --with-newlib --enable-threads=no --disable-shared --with-pkgversion='crosstool-NG esp-2022r1' --disable-__cxa_atexit --enable-cxx-flags=-ffunction-sections --disable-libgomp --disable-libmudflap --disable-libmpx --disable-libssp --disable-libquadmath --disable-libquadmath-support --disable-libstdcxx-verbose --with-gmp=/Users/brnomac003/.gitlab-runner/builds/qR2TxTby/0/idf/crosstool-NG/.build/xtensa-esp32s3-elf/buildtools --with-mpfr=/Users/brnomac003/.gitlab-runner/builds/qR2TxTby/0/idf/crosstool-NG/.build/xtensa-esp32s3-elf/buildtools --with-mpc=/Users/brnomac003/.gitlab-runner/builds/qR2TxTby/0/idf/crosstool-NG/.build/xtensa-esp32s3-elf/buildtools --with-isl=/Users/brnomac003/.gitlab-runner/builds/qR2TxTby/0/idf/crosstool-NG/.build/xtensa-esp32s3-elf/buildtools --enable-lto --enable-target-optspace --without-long-double-128 --disable-nls --enable-multiarch --enable-languages=c,c++ --disable-libstdcxx-verbose --enable-threads=posix --enable-gcov-custom-rtio --enable-libstdcxx-time=yes
Thread model: posix
Supported LTO compression algorithms: zlib
gcc version 11.2.0 (crosstool-NG esp-2022r1) 
COMPILER_PATH=/Users/aidancostello/.espressif/tools/xtensa-esp32s3-elf/esp-2022r1-11.2.0/xtensa-esp32s3-elf/bin/../libexec/gcc/xtensa-esp32s3-elf/11.2.0/:/Users/aidancostello/.espressif/tools/xtensa-esp32s3-elf/esp-2022r1-11.2.0/xtensa-esp32s3-elf/bin/../libexec/gcc/:/Users/aidancostello/.espressif/tools/xtensa-esp32s3-elf/esp-2022r1-11.2.0/xtensa-esp32s3-elf/bin/../lib/gcc/xtensa-esp32s3-elf/11.2.0/../../../../xtensa-esp32s3-elf/bin/
LIBRARY_PATH=/Users/aidancostello/.espressif/tools/xtensa-esp32s3-elf/esp-2022r1-11.2.0/xtensa-esp32s3-elf/bin/../lib/gcc/xtensa-esp32s3-elf/11.2.0/:/Users/aidancostello/.espressif/tools/xtensa-esp32s3-elf/esp-2022r1-11.2.0/xtensa-esp32s3-elf/bin/../lib/gcc/:/Users/aidancostello/.espressif/tools/xtensa-esp32s3-elf/esp-2022r1-11.2.0/xtensa-esp32s3-elf/bin/../lib/gcc/xtensa-esp32s3-elf/11.2.0/../../../../xtensa-esp32s3-elf/lib/
COLLECT_GCC_OPTIONS='-mlongcalls' '-v' '-o' 'cmTC_98ea5' '-dumpdir' 'cmTC_98ea5.'
 /Users/aidancostello/.espressif/tools/xtensa-esp32s3-elf/esp-2022r1-11.2.0/xtensa-esp32s3-elf/bin/../libexec/gcc/xtensa-esp32s3-elf/11.2.0/collect2 -plugin /Users/aidancostello/.espressif/tools/xtensa-esp32s3-elf/esp-2022r1-11.2.0/xtensa-esp32s3-elf/bin/../libexec/gcc/xtensa-esp32s3-elf/11.2.0/liblto_plugin.so -plugin-opt=/Users/aidancostello/.espressif/tools/xtensa-esp32s3-elf/esp-2022r1-11.2.0/xtensa-esp32s3-elf/bin/../libexec/gcc/xtensa-esp32s3-elf/11.2.0/lto-wrapper -plugin-opt=-fresolution=/var/folders/36/9917g7bd6bs6kbfbt_gq52640000gn/T//ccCp6UuX.res -plugin-opt=-pass-through=-lgcc -plugin-opt=-pass-through=-lc -plugin-opt=-pass-through=-lnosys -plugin-opt=-pass-through=-lc -plugin-opt=-pass-through=-lgcc -o cmTC_98ea5 /Users/aidancostello/.espressif/tools/xtensa-esp32s3-elf/esp-2022r1-11.2.0/xtensa-esp32s3-elf/bin/../lib/gcc/xtensa-esp32s3-elf/11.2.0/../../../../xtensa-esp32s3-elf/lib/crt0.o /Users/aidancostello/.espressif/tools/xtensa-esp32s3-elf/esp-2022r1-11.2.0/xtensa-esp32s3-elf/bin/../lib/gcc/xtensa-esp32s3-elf/11.2.0/crti.o /Users/aidancostello/.espressif/tools/xtensa-esp32s3-elf/esp-2022r1-11.2.0/xtensa-esp32s3-elf/bin/../lib/gcc/xtensa-esp32s3-elf/11.2.0/crtbegin.o -L/Users/aidancostello/.espressif/tools/xtensa-esp32s3-elf/esp-2022r1-11.2.0/xtensa-esp32s3-elf/bin/../lib/gcc/xtensa-esp32s3-elf/11.2.0 -L/Users/aidancostello/.espressif/tools/xtensa-esp32s3-elf/esp-2022r1-11.2.0/xtensa-esp32s3-elf/bin/../lib/gcc -L/Users/aidancostello/.espressif/tools/xtensa-esp32s3-elf/esp-2022r1-11.2.0/xtensa-esp32s3-elf/bin/../lib/gcc/xtensa-esp32s3-elf/11.2.0/../../../../xtensa-esp32s3-elf/lib CMakeFiles/cmTC_98ea5.dir/CMakeCCompilerABI.c.obj -lgcc -lc -lnosys -lc -lgcc /Users/aidancostello/.espressif/tools/xtensa-esp32s3-elf/esp-2022r1-11.2.0/xtensa-esp32s3-elf/bin/../lib/gcc/xtensa-esp32s3-elf/11.2.0/crtend.o /Users/aidancostello/.espressif/tools/xtensa-esp32s3-elf/esp-2022r1-11.2.0/xtensa-esp32s3-elf/bin/../lib/gcc/xtensa-esp32s3-elf/11.2.0/crtn.o
COLLECT_GCC_OPTIONS='-mlongcalls' '-v' '-o' 'cmTC_98ea5' '-dumpdir' 'cmTC_98ea5.'



Parsed C implicit include dir info from above output: rv=done
  found start of include info
  found start of implicit include info
    add: [/Users/aidancostello/.espressif/tools/xtensa-esp32s3-elf/esp-2022r1-11.2.0/xtensa-esp32s3-elf/bin/../lib/gcc/xtensa-esp32s3-elf/11.2.0/include]
    add: [/Users/aidancostello/.espressif/tools/xtensa-esp32s3-elf/esp-2022r1-11.2.0/xtensa-esp32s3-elf/bin/../lib/gcc/xtensa-esp32s3-elf/11.2.0/include-fixed]
    add: [/Users/aidancostello/.espressif/tools/xtensa-esp32s3-elf/esp-2022r1-11.2.0/xtensa-esp32s3-elf/bin/../lib/gcc/xtensa-esp32s3-elf/11.2.0/../../../../xtensa-esp32s3-elf/sys-include]
    add: [/Users/aidancostello/.espressif/tools/xtensa-esp32s3-elf/esp-2022r1-11.2.0/xtensa-esp32s3-elf/bin/../lib/gcc/xtensa-esp32s3-elf/11.2.0/../../../../xtensa-esp32s3-elf/include]
  end of search list found
  collapse include dir [/Users/aidancostello/.espressif/tools/xtensa-esp32s3-elf/esp-2022r1-11.2.0/xtensa-esp32s3-elf/bin/../lib/gcc/xtensa-esp32s3-elf/11.2.0/include] ==> [/Users/aidancostello/.espressif/tools/xtensa-esp32s3-elf/esp-2022r1-11.2.0/xtensa-esp32s3-elf/lib/gcc/xtensa-esp32s3-elf/11.2.0/include]
  collapse include dir [/Users/aidancostello/.espressif/tools/xtensa-esp32s3-elf/esp-2022r1-11.2.0/xtensa-esp32s3-elf/bin/../lib/gcc/xtensa-esp32s3-elf/11.2.0/include-fixed] ==> [/Users/aidancostello/.espressif/tools/xtensa-esp32s3-elf/esp-2022r1-11.2.0/xtensa-esp32s3-elf/lib/gcc/xtensa-esp32s3-elf/11.2.0/include-fixed]
  collapse include dir [/Users/aidancostello/.espressif/tools/xtensa-esp32s3-elf/esp-2022r1-11.2.0/xtensa-esp32s3-elf/bin/../lib/gcc/xtensa-esp32s3-elf/11.2.0/../../../../xtensa-esp32s3-elf/sys-include] ==> [/Users/aidancostello/.espressif/tools/xtensa-esp32s3-elf/esp-2022r1-11.2.0/xtensa-esp32s3-elf/xtensa-esp32s3-elf/sys-include]
  collapse include dir [/Users/aidancostello/.espressif/tools/xtensa-esp32s3-elf/esp-2022r1-11.2.0/xtensa-esp32s3-elf/bin/../lib/gcc/xtensa-esp32s3-elf/11.2.0/../../../../xtensa-esp32s3-elf/include] ==> [/Users/aidancostello/.espressif/tools/xtensa-esp32s3-elf/esp-2022r1-11.2.0/xtensa-esp32s3-elf/xtensa-esp32s3-elf/include]
  implicit include dirs: [/Users/aidancostello/.espressif/tools/xtensa-esp32s3-elf/esp-2022r1-11.2.0/xtensa-esp32s3-elf/lib/gcc/xtensa-esp32s3-elf/11.2.0/include;/Users/aidancostello/.espressif/tools/xtensa-esp32s3-elf/esp-2022r1-11.2.0/xtensa-esp32s3-elf/lib/gcc/xtensa-esp32s3-elf/11.2.0/include-fixed;/Users/aidancostello/.espressif/tools/xtensa-esp32s3-elf/esp-2022r1-11.2.0/xtensa-esp32s3-elf/xtensa-esp32s3-elf/sys-include;/Users/aidancostello/.espressif/tools/xtensa-esp32s3-elf/esp-2022r1-11.2.0/xtensa-esp32s3-elf/xtensa-esp32s3-elf/include]


Parsed C implicit link information from above output:
  link line regex: [^( *|.*[/\])(xtensa-esp32s3-elf-ld|CMAKE_LINK_STARTFILE-NOTFOUND|([^/\]+-)?ld|collect2)[^/\]*( |$)]
  ignore line: [Change Dir: /Users/aidancostello/Github/TARS-Software/flight/blink/build/CMakeFiles/CMakeTmp]
  ignore line: []
  ignore line: [Run Build Command(s):/Users/aidancostello/.espressif/tools/ninja/1.10.2/ninja cmTC_98ea5 && [1/2] Building C object CMakeFiles/cmTC_98ea5.dir/CMakeCCompilerABI.c.obj]
  ignore line: [Using built-in specs.]
  ignore line: [COLLECT_GCC=/Users/aidancostello/.espressif/tools/xtensa-esp32s3-elf/esp-2022r1-11.2.0/xtensa-esp32s3-elf/bin/xtensa-esp32s3-elf-gcc]
  ignore line: [Target: xtensa-esp32s3-elf]
  ignore line: [Configured with: /Users/brnomac003/.gitlab-runner/builds/qR2TxTby/0/idf/crosstool-NG/.build/xtensa-esp32s3-elf/src/gcc/configure --build=aarch64-build_apple-darwin21.4.0 --host=aarch64-build_apple-darwin21.4.0 --target=xtensa-esp32s3-elf --prefix=/Users/brnomac003/.gitlab-runner/builds/qR2TxTby/0/idf/crosstool-NG/builds/xtensa-esp32s3-elf --exec_prefix=/Users/brnomac003/.gitlab-runner/builds/qR2TxTby/0/idf/crosstool-NG/builds/xtensa-esp32s3-elf --with-local-prefix=/Users/brnomac003/.gitlab-runner/builds/qR2TxTby/0/idf/crosstool-NG/builds/xtensa-esp32s3-elf/xtensa-esp32s3-elf --with-headers=/Users/brnomac003/.gitlab-runner/builds/qR2TxTby/0/idf/crosstool-NG/builds/xtensa-esp32s3-elf/xtensa-esp32s3-elf/include --with-newlib --enable-threads=no --disable-shared --with-pkgversion='crosstool-NG esp-2022r1' --disable-__cxa_atexit --enable-cxx-flags=-ffunction-sections --disable-libgomp --disable-libmudflap --disable-libmpx --disable-libssp --disable-libquadmath --disable-libquadmath-support --disable-libstdcxx-verbose --with-gmp=/Users/brnomac003/.gitlab-runner/builds/qR2TxTby/0/idf/crosstool-NG/.build/xtensa-esp32s3-elf/buildtools --with-mpfr=/Users/brnomac003/.gitlab-runner/builds/qR2TxTby/0/idf/crosstool-NG/.build/xtensa-esp32s3-elf/buildtools --with-mpc=/Users/brnomac003/.gitlab-runner/builds/qR2TxTby/0/idf/crosstool-NG/.build/xtensa-esp32s3-elf/buildtools --with-isl=/Users/brnomac003/.gitlab-runner/builds/qR2TxTby/0/idf/crosstool-NG/.build/xtensa-esp32s3-elf/buildtools --enable-lto --enable-target-optspace --without-long-double-128 --disable-nls --enable-multiarch --enable-languages=c c++ --disable-libstdcxx-verbose --enable-threads=posix --enable-gcov-custom-rtio --enable-libstdcxx-time=yes]
  ignore line: [Thread model: posix]
  ignore line: [Supported LTO compression algorithms: zlib]
  ignore line: [gcc version 11.2.0 (crosstool-NG esp-2022r1) ]
  ignore line: [COLLECT_GCC_OPTIONS='-mlongcalls' '-v' '-o' 'CMakeFiles/cmTC_98ea5.dir/CMakeCCompilerABI.c.obj' '-c' '-dumpdir' 'CMakeFiles/cmTC_98ea5.dir/']
  ignore line: [ /Users/aidancostello/.espressif/tools/xtensa-esp32s3-elf/esp-2022r1-11.2.0/xtensa-esp32s3-elf/bin/../libexec/gcc/xtensa-esp32s3-elf/11.2.0/cc1 -quiet -v -iprefix /Users/aidancostello/.espressif/tools/xtensa-esp32s3-elf/esp-2022r1-11.2.0/xtensa-esp32s3-elf/bin/../lib/gcc/xtensa-esp32s3-elf/11.2.0/ /Users/aidancostello/.espressif/tools/cmake/3.24.0/CMake.app/Contents/share/cmake-3.24/Modules/CMakeCCompilerABI.c -quiet -dumpdir CMakeFiles/cmTC_98ea5.dir/ -dumpbase CMakeCCompilerABI.c.c -dumpbase-ext .c -mlongcalls -version -o /var/folders/36/9917g7bd6bs6kbfbt_gq52640000gn/T//ccY0CKQb.s]
  ignore line: [GNU C17 (crosstool-NG esp-2022r1) version 11.2.0 (xtensa-esp32s3-elf)]
  ignore line: [	compiled by GNU C version Apple LLVM 13.0.0 (clang-1300.0.27.3)  GMP version 6.2.1  MPFR version 4.1.0  MPC version 1.2.1  isl version isl-0.24-GMP]
  ignore line: []
  ignore line: [GGC heuristics: --param ggc-min-expand=100 --param ggc-min-heapsize=131072]
  ignore line: [ignoring duplicate directory "/Users/aidancostello/.espressif/tools/xtensa-esp32s3-elf/esp-2022r1-11.2.0/xtensa-esp32s3-elf/bin/../lib/gcc/../../lib/gcc/xtensa-esp32s3-elf/11.2.0/include"]
  ignore line: [ignoring duplicate directory "/Users/aidancostello/.espressif/tools/xtensa-esp32s3-elf/esp-2022r1-11.2.0/xtensa-esp32s3-elf/bin/../lib/gcc/../../lib/gcc/xtensa-esp32s3-elf/11.2.0/include-fixed"]
  ignore line: [ignoring duplicate directory "/Users/aidancostello/.espressif/tools/xtensa-esp32s3-elf/esp-2022r1-11.2.0/xtensa-esp32s3-elf/bin/../lib/gcc/../../lib/gcc/xtensa-esp32s3-elf/11.2.0/../../../../xtensa-esp32s3-elf/sys-include"]
  ignore line: [ignoring duplicate directory "/Users/aidancostello/.espressif/tools/xtensa-esp32s3-elf/esp-2022r1-11.2.0/xtensa-esp32s3-elf/bin/../lib/gcc/../../lib/gcc/xtensa-esp32s3-elf/11.2.0/../../../../xtensa-esp32s3-elf/include"]
  ignore line: [#include "..." search starts here:]
  ignore line: [#include <...> search starts here:]
  ignore line: [ /Users/aidancostello/.espressif/tools/xtensa-esp32s3-elf/esp-2022r1-11.2.0/xtensa-esp32s3-elf/bin/../lib/gcc/xtensa-esp32s3-elf/11.2.0/include]
  ignore line: [ /Users/aidancostello/.espressif/tools/xtensa-esp32s3-elf/esp-2022r1-11.2.0/xtensa-esp32s3-elf/bin/../lib/gcc/xtensa-esp32s3-elf/11.2.0/include-fixed]
  ignore line: [ /Users/aidancostello/.espressif/tools/xtensa-esp32s3-elf/esp-2022r1-11.2.0/xtensa-esp32s3-elf/bin/../lib/gcc/xtensa-esp32s3-elf/11.2.0/../../../../xtensa-esp32s3-elf/sys-include]
  ignore line: [ /Users/aidancostello/.espressif/tools/xtensa-esp32s3-elf/esp-2022r1-11.2.0/xtensa-esp32s3-elf/bin/../lib/gcc/xtensa-esp32s3-elf/11.2.0/../../../../xtensa-esp32s3-elf/include]
  ignore line: [End of search list.]
  ignore line: [GNU C17 (crosstool-NG esp-2022r1) version 11.2.0 (xtensa-esp32s3-elf)]
  ignore line: [	compiled by GNU C version Apple LLVM 13.0.0 (clang-1300.0.27.3)  GMP version 6.2.1  MPFR version 4.1.0  MPC version 1.2.1  isl version isl-0.24-GMP]
  ignore line: []
  ignore line: [GGC heuristics: --param ggc-min-expand=100 --param ggc-min-heapsize=131072]
  ignore line: [Compiler executable checksum: 605c7ff3962f40c2dd4b1829bc1d5186]
  ignore line: [COLLECT_GCC_OPTIONS='-mlongcalls' '-v' '-o' 'CMakeFiles/cmTC_98ea5.dir/CMakeCCompilerABI.c.obj' '-c' '-dumpdir' 'CMakeFiles/cmTC_98ea5.dir/']
  ignore line: [ /Users/aidancostello/.espressif/tools/xtensa-esp32s3-elf/esp-2022r1-11.2.0/xtensa-esp32s3-elf/bin/../lib/gcc/xtensa-esp32s3-elf/11.2.0/../../../../xtensa-esp32s3-elf/bin/as --traditional-format --longcalls -o CMakeFiles/cmTC_98ea5.dir/CMakeCCompilerABI.c.obj /var/folders/36/9917g7bd6bs6kbfbt_gq52640000gn/T//ccY0CKQb.s]
  ignore line: [COMPILER_PATH=/Users/aidancostello/.espressif/tools/xtensa-esp32s3-elf/esp-2022r1-11.2.0/xtensa-esp32s3-elf/bin/../libexec/gcc/xtensa-esp32s3-elf/11.2.0/:/Users/aidancostello/.espressif/tools/xtensa-esp32s3-elf/esp-2022r1-11.2.0/xtensa-esp32s3-elf/bin/../libexec/gcc/:/Users/aidancostello/.espressif/tools/xtensa-esp32s3-elf/esp-2022r1-11.2.0/xtensa-esp32s3-elf/bin/../lib/gcc/xtensa-esp32s3-elf/11.2.0/../../../../xtensa-esp32s3-elf/bin/]
  ignore line: [LIBRARY_PATH=/Users/aidancostello/.espressif/tools/xtensa-esp32s3-elf/esp-2022r1-11.2.0/xtensa-esp32s3-elf/bin/../lib/gcc/xtensa-esp32s3-elf/11.2.0/:/Users/aidancostello/.espressif/tools/xtensa-esp32s3-elf/esp-2022r1-11.2.0/xtensa-esp32s3-elf/bin/../lib/gcc/:/Users/aidancostello/.espressif/tools/xtensa-esp32s3-elf/esp-2022r1-11.2.0/xtensa-esp32s3-elf/bin/../lib/gcc/xtensa-esp32s3-elf/11.2.0/../../../../xtensa-esp32s3-elf/lib/]
  ignore line: [COLLECT_GCC_OPTIONS='-mlongcalls' '-v' '-o' 'CMakeFiles/cmTC_98ea5.dir/CMakeCCompilerABI.c.obj' '-c' '-dumpdir' 'CMakeFiles/cmTC_98ea5.dir/CMakeCCompilerABI.c.']
  ignore line: [[2/2] Linking C executable cmTC_98ea5]
  ignore line: [Using built-in specs.]
  ignore line: [COLLECT_GCC=/Users/aidancostello/.espressif/tools/xtensa-esp32s3-elf/esp-2022r1-11.2.0/xtensa-esp32s3-elf/bin/xtensa-esp32s3-elf-gcc]
  ignore line: [COLLECT_LTO_WRAPPER=/Users/aidancostello/.espressif/tools/xtensa-esp32s3-elf/esp-2022r1-11.2.0/xtensa-esp32s3-elf/bin/../libexec/gcc/xtensa-esp32s3-elf/11.2.0/lto-wrapper]
  ignore line: [Target: xtensa-esp32s3-elf]
  ignore line: [Configured with: /Users/brnomac003/.gitlab-runner/builds/qR2TxTby/0/idf/crosstool-NG/.build/xtensa-esp32s3-elf/src/gcc/configure --build=aarch64-build_apple-darwin21.4.0 --host=aarch64-build_apple-darwin21.4.0 --target=xtensa-esp32s3-elf --prefix=/Users/brnomac003/.gitlab-runner/builds/qR2TxTby/0/idf/crosstool-NG/builds/xtensa-esp32s3-elf --exec_prefix=/Users/brnomac003/.gitlab-runner/builds/qR2TxTby/0/idf/crosstool-NG/builds/xtensa-esp32s3-elf --with-local-prefix=/Users/brnomac003/.gitlab-runner/builds/qR2TxTby/0/idf/crosstool-NG/builds/xtensa-esp32s3-elf/xtensa-esp32s3-elf --with-headers=/Users/brnomac003/.gitlab-runner/builds/qR2TxTby/0/idf/crosstool-NG/builds/xtensa-esp32s3-elf/xtensa-esp32s3-elf/include --with-newlib --enable-threads=no --disable-shared --with-pkgversion='crosstool-NG esp-2022r1' --disable-__cxa_atexit --enable-cxx-flags=-ffunction-sections --disable-libgomp --disable-libmudflap --disable-libmpx --disable-libssp --disable-libquadmath --disable-libquadmath-support --disable-libstdcxx-verbose --with-gmp=/Users/brnomac003/.gitlab-runner/builds/qR2TxTby/0/idf/crosstool-NG/.build/xtensa-esp32s3-elf/buildtools --with-mpfr=/Users/brnomac003/.gitlab-runner/builds/qR2TxTby/0/idf/crosstool-NG/.build/xtensa-esp32s3-elf/buildtools --with-mpc=/Users/brnomac003/.gitlab-runner/builds/qR2TxTby/0/idf/crosstool-NG/.build/xtensa-esp32s3-elf/buildtools --with-isl=/Users/brnomac003/.gitlab-runner/builds/qR2TxTby/0/idf/crosstool-NG/.build/xtensa-esp32s3-elf/buildtools --enable-lto --enable-target-optspace --without-long-double-128 --disable-nls --enable-multiarch --enable-languages=c c++ --disable-libstdcxx-verbose --enable-threads=posix --enable-gcov-custom-rtio --enable-libstdcxx-time=yes]
  ignore line: [Thread model: posix]
  ignore line: [Supported LTO compression algorithms: zlib]
  ignore line: [gcc version 11.2.0 (crosstool-NG esp-2022r1) ]
  ignore line: [COMPILER_PATH=/Users/aidancostello/.espressif/tools/xtensa-esp32s3-elf/esp-2022r1-11.2.0/xtensa-esp32s3-elf/bin/../libexec/gcc/xtensa-esp32s3-elf/11.2.0/:/Users/aidancostello/.espressif/tools/xtensa-esp32s3-elf/esp-2022r1-11.2.0/xtensa-esp32s3-elf/bin/../libexec/gcc/:/Users/aidancostello/.espressif/tools/xtensa-esp32s3-elf/esp-2022r1-11.2.0/xtensa-esp32s3-elf/bin/../lib/gcc/xtensa-esp32s3-elf/11.2.0/../../../../xtensa-esp32s3-elf/bin/]
  ignore line: [LIBRARY_PATH=/Users/aidancostello/.espressif/tools/xtensa-esp32s3-elf/esp-2022r1-11.2.0/xtensa-esp32s3-elf/bin/../lib/gcc/xtensa-esp32s3-elf/11.2.0/:/Users/aidancostello/.espressif/tools/xtensa-esp32s3-elf/esp-2022r1-11.2.0/xtensa-esp32s3-elf/bin/../lib/gcc/:/Users/aidancostello/.espressif/tools/xtensa-esp32s3-elf/esp-2022r1-11.2.0/xtensa-esp32s3-elf/bin/../lib/gcc/xtensa-esp32s3-elf/11.2.0/../../../../xtensa-esp32s3-elf/lib/]
  ignore line: [COLLECT_GCC_OPTIONS='-mlongcalls' '-v' '-o' 'cmTC_98ea5' '-dumpdir' 'cmTC_98ea5.']
  link line: [ /Users/aidancostello/.espressif/tools/xtensa-esp32s3-elf/esp-2022r1-11.2.0/xtensa-esp32s3-elf/bin/../libexec/gcc/xtensa-esp32s3-elf/11.2.0/collect2 -plugin /Users/aidancostello/.espressif/tools/xtensa-esp32s3-elf/esp-2022r1-11.2.0/xtensa-esp32s3-elf/bin/../libexec/gcc/xtensa-esp32s3-elf/11.2.0/liblto_plugin.so -plugin-opt=/Users/aidancostello/.espressif/tools/xtensa-esp32s3-elf/esp-2022r1-11.2.0/xtensa-esp32s3-elf/bin/../libexec/gcc/xtensa-esp32s3-elf/11.2.0/lto-wrapper -plugin-opt=-fresolution=/var/folders/36/9917g7bd6bs6kbfbt_gq52640000gn/T//ccCp6UuX.res -plugin-opt=-pass-through=-lgcc -plugin-opt=-pass-through=-lc -plugin-opt=-pass-through=-lnosys -plugin-opt=-pass-through=-lc -plugin-opt=-pass-through=-lgcc -o cmTC_98ea5 /Users/aidancostello/.espressif/tools/xtensa-esp32s3-elf/esp-2022r1-11.2.0/xtensa-esp32s3-elf/bin/../lib/gcc/xtensa-esp32s3-elf/11.2.0/../../../../xtensa-esp32s3-elf/lib/crt0.o /Users/aidancostello/.espressif/tools/xtensa-esp32s3-elf/esp-2022r1-11.2.0/xtensa-esp32s3-elf/bin/../lib/gcc/xtensa-esp32s3-elf/11.2.0/crti.o /Users/aidancostello/.espressif/tools/xtensa-esp32s3-elf/esp-2022r1-11.2.0/xtensa-esp32s3-elf/bin/../lib/gcc/xtensa-esp32s3-elf/11.2.0/crtbegin.o -L/Users/aidancostello/.espressif/tools/xtensa-esp32s3-elf/esp-2022r1-11.2.0/xtensa-esp32s3-elf/bin/../lib/gcc/xtensa-esp32s3-elf/11.2.0 -L/Users/aidancostello/.espressif/tools/xtensa-esp32s3-elf/esp-2022r1-11.2.0/xtensa-esp32s3-elf/bin/../lib/gcc -L/Users/aidancostello/.espressif/tools/xtensa-esp32s3-elf/esp-2022r1-11.2.0/xtensa-esp32s3-elf/bin/../lib/gcc/xtensa-esp32s3-elf/11.2.0/../../../../xtensa-esp32s3-elf/lib CMakeFiles/cmTC_98ea5.dir/CMakeCCompilerABI.c.obj -lgcc -lc -lnosys -lc -lgcc /Users/aidancostello/.espressif/tools/xtensa-esp32s3-elf/esp-2022r1-11.2.0/xtensa-esp32s3-elf/bin/../lib/gcc/xtensa-esp32s3-elf/11.2.0/crtend.o /Users/aidancostello/.espressif/tools/xtensa-esp32s3-elf/esp-2022r1-11.2.0/xtensa-esp32s3-elf/bin/../lib/gcc/xtensa-esp32s3-elf/11.2.0/crtn.o]
    arg [/Users/aidancostello/.espressif/tools/xtensa-esp32s3-elf/esp-2022r1-11.2.0/xtensa-esp32s3-elf/bin/../libexec/gcc/xtensa-esp32s3-elf/11.2.0/collect2] ==> ignore
    arg [-plugin] ==> ignore
    arg [/Users/aidancostello/.espressif/tools/xtensa-esp32s3-elf/esp-2022r1-11.2.0/xtensa-esp32s3-elf/bin/../libexec/gcc/xtensa-esp32s3-elf/11.2.0/liblto_plugin.so] ==> ignore
    arg [-plugin-opt=/Users/aidancostello/.espressif/tools/xtensa-esp32s3-elf/esp-2022r1-11.2.0/xtensa-esp32s3-elf/bin/../libexec/gcc/xtensa-esp32s3-elf/11.2.0/lto-wrapper] ==> ignore
    arg [-plugin-opt=-fresolution=/var/folders/36/9917g7bd6bs6kbfbt_gq52640000gn/T//ccCp6UuX.res] ==> ignore
    arg [-plugin-opt=-pass-through=-lgcc] ==> ignore
    arg [-plugin-opt=-pass-through=-lc] ==> ignore
    arg [-plugin-opt=-pass-through=-lnosys] ==> ignore
    arg [-plugin-opt=-pass-through=-lc] ==> ignore
    arg [-plugin-opt=-pass-through=-lgcc] ==> ignore
    arg [-o] ==> ignore
    arg [cmTC_98ea5] ==> ignore
    arg [/Users/aidancostello/.espressif/tools/xtensa-esp32s3-elf/esp-2022r1-11.2.0/xtensa-esp32s3-elf/bin/../lib/gcc/xtensa-esp32s3-elf/11.2.0/../../../../xtensa-esp32s3-elf/lib/crt0.o] ==> obj [/Users/aidancostello/.espressif/tools/xtensa-esp32s3-elf/esp-2022r1-11.2.0/xtensa-esp32s3-elf/bin/../lib/gcc/xtensa-esp32s3-elf/11.2.0/../../../../xtensa-esp32s3-elf/lib/crt0.o]
    arg [/Users/aidancostello/.espressif/tools/xtensa-esp32s3-elf/esp-2022r1-11.2.0/xtensa-esp32s3-elf/bin/../lib/gcc/xtensa-esp32s3-elf/11.2.0/crti.o] ==> obj [/Users/aidancostello/.espressif/tools/xtensa-esp32s3-elf/esp-2022r1-11.2.0/xtensa-esp32s3-elf/bin/../lib/gcc/xtensa-esp32s3-elf/11.2.0/crti.o]
    arg [/Users/aidancostello/.espressif/tools/xtensa-esp32s3-elf/esp-2022r1-11.2.0/xtensa-esp32s3-elf/bin/../lib/gcc/xtensa-esp32s3-elf/11.2.0/crtbegin.o] ==> obj [/Users/aidancostello/.espressif/tools/xtensa-esp32s3-elf/esp-2022r1-11.2.0/xtensa-esp32s3-elf/bin/../lib/gcc/xtensa-esp32s3-elf/11.2.0/crtbegin.o]
    arg [-L/Users/aidancostello/.espressif/tools/xtensa-esp32s3-elf/esp-2022r1-11.2.0/xtensa-esp32s3-elf/bin/../lib/gcc/xtensa-esp32s3-elf/11.2.0] ==> dir [/Users/aidancostello/.espressif/tools/xtensa-esp32s3-elf/esp-2022r1-11.2.0/xtensa-esp32s3-elf/bin/../lib/gcc/xtensa-esp32s3-elf/11.2.0]
    arg [-L/Users/aidancostello/.espressif/tools/xtensa-esp32s3-elf/esp-2022r1-11.2.0/xtensa-esp32s3-elf/bin/../lib/gcc] ==> dir [/Users/aidancostello/.espressif/tools/xtensa-esp32s3-elf/esp-2022r1-11.2.0/xtensa-esp32s3-elf/bin/../lib/gcc]
    arg [-L/Users/aidancostello/.espressif/tools/xtensa-esp32s3-elf/esp-2022r1-11.2.0/xtensa-esp32s3-elf/bin/../lib/gcc/xtensa-esp32s3-elf/11.2.0/../../../../xtensa-esp32s3-elf/lib] ==> dir [/Users/aidancostello/.espressif/tools/xtensa-esp32s3-elf/esp-2022r1-11.2.0/xtensa-esp32s3-elf/bin/../lib/gcc/xtensa-esp32s3-elf/11.2.0/../../../../xtensa-esp32s3-elf/lib]
    arg [CMakeFiles/cmTC_98ea5.dir/CMakeCCompilerABI.c.obj] ==> ignore
    arg [-lgcc] ==> lib [gcc]
    arg [-lc] ==> lib [c]
    arg [-lnosys] ==> lib [nosys]
    arg [-lc] ==> lib [c]
    arg [-lgcc] ==> lib [gcc]
    arg [/Users/aidancostello/.espressif/tools/xtensa-esp32s3-elf/esp-2022r1-11.2.0/xtensa-esp32s3-elf/bin/../lib/gcc/xtensa-esp32s3-elf/11.2.0/crtend.o] ==> obj [/Users/aidancostello/.espressif/tools/xtensa-esp32s3-elf/esp-2022r1-11.2.0/xtensa-esp32s3-elf/bin/../lib/gcc/xtensa-esp32s3-elf/11.2.0/crtend.o]
    arg [/Users/aidancostello/.espressif/tools/xtensa-esp32s3-elf/esp-2022r1-11.2.0/xtensa-esp32s3-elf/bin/../lib/gcc/xtensa-esp32s3-elf/11.2.0/crtn.o] ==> obj [/Users/aidancostello/.espressif/tools/xtensa-esp32s3-elf/esp-2022r1-11.2.0/xtensa-esp32s3-elf/bin/../lib/gcc/xtensa-esp32s3-elf/11.2.0/crtn.o]
  collapse obj [/Users/aidancostello/.espressif/tools/xtensa-esp32s3-elf/esp-2022r1-11.2.0/xtensa-esp32s3-elf/bin/../lib/gcc/xtensa-esp32s3-elf/11.2.0/../../../../xtensa-esp32s3-elf/lib/crt0.o] ==> [/Users/aidancostello/.espressif/tools/xtensa-esp32s3-elf/esp-2022r1-11.2.0/xtensa-esp32s3-elf/xtensa-esp32s3-elf/lib/crt0.o]
  collapse obj [/Users/aidancostello/.espressif/tools/xtensa-esp32s3-elf/esp-2022r1-11.2.0/xtensa-esp32s3-elf/bin/../lib/gcc/xtensa-esp32s3-elf/11.2.0/crti.o] ==> [/Users/aidancostello/.espressif/tools/xtensa-esp32s3-elf/esp-2022r1-11.2.0/xtensa-esp32s3-elf/lib/gcc/xtensa-esp32s3-elf/11.2.0/crti.o]
  collapse obj [/Users/aidancostello/.espressif/tools/xtensa-esp32s3-elf/esp-2022r1-11.2.0/xtensa-esp32s3-elf/bin/../lib/gcc/xtensa-esp32s3-elf/11.2.0/crtbegin.o] ==> [/Users/aidancostello/.espressif/tools/xtensa-esp32s3-elf/esp-2022r1-11.2.0/xtensa-esp32s3-elf/lib/gcc/xtensa-esp32s3-elf/11.2.0/crtbegin.o]
  collapse obj [/Users/aidancostello/.espressif/tools/xtensa-esp32s3-elf/esp-2022r1-11.2.0/xtensa-esp32s3-elf/bin/../lib/gcc/xtensa-esp32s3-elf/11.2.0/crtend.o] ==> [/Users/aidancostello/.espressif/tools/xtensa-esp32s3-elf/esp-2022r1-11.2.0/xtensa-esp32s3-elf/lib/gcc/xtensa-esp32s3-elf/11.2.0/crtend.o]
  collapse obj [/Users/aidancostello/.espressif/tools/xtensa-esp32s3-elf/esp-2022r1-11.2.0/xtensa-esp32s3-elf/bin/../lib/gcc/xtensa-esp32s3-elf/11.2.0/crtn.o] ==> [/Users/aidancostello/.espressif/tools/xtensa-esp32s3-elf/esp-2022r1-11.2.0/xtensa-esp32s3-elf/lib/gcc/xtensa-esp32s3-elf/11.2.0/crtn.o]
  collapse library dir [/Users/aidancostello/.espressif/tools/xtensa-esp32s3-elf/esp-2022r1-11.2.0/xtensa-esp32s3-elf/bin/../lib/gcc/xtensa-esp32s3-elf/11.2.0] ==> [/Users/aidancostello/.espressif/tools/xtensa-esp32s3-elf/esp-2022r1-11.2.0/xtensa-esp32s3-elf/lib/gcc/xtensa-esp32s3-elf/11.2.0]
  collapse library dir [/Users/aidancostello/.espressif/tools/xtensa-esp32s3-elf/esp-2022r1-11.2.0/xtensa-esp32s3-elf/bin/../lib/gcc] ==> [/Users/aidancostello/.espressif/tools/xtensa-esp32s3-elf/esp-2022r1-11.2.0/xtensa-esp32s3-elf/lib/gcc]
  collapse library dir [/Users/aidancostello/.espressif/tools/xtensa-esp32s3-elf/esp-2022r1-11.2.0/xtensa-esp32s3-elf/bin/../lib/gcc/xtensa-esp32s3-elf/11.2.0/../../../../xtensa-esp32s3-elf/lib] ==> [/Users/aidancostello/.espressif/tools/xtensa-esp32s3-elf/esp-2022r1-11.2.0/xtensa-esp32s3-elf/xtensa-esp32s3-elf/lib]
  implicit libs: [gcc;c;nosys;c;gcc]
  implicit objs: [/Users/aidancostello/.espressif/tools/xtensa-esp32s3-elf/esp-2022r1-11.2.0/xtensa-esp32s3-elf/xtensa-esp32s3-elf/lib/crt0.o;/Users/aidancostello/.espressif/tools/xtensa-esp32s3-elf/esp-2022r1-11.2.0/xtensa-esp32s3-elf/lib/gcc/xtensa-esp32s3-elf/11.2.0/crti.o;/Users/aidancostello/.espressif/tools/xtensa-esp32s3-elf/esp-2022r1-11.2.0/xtensa-esp32s3-elf/lib/gcc/xtensa-esp32s3-elf/11.2.0/crtbegin.o;/Users/aidancostello/.espressif/tools/xtensa-esp32s3-elf/esp-2022r1-11.2.0/xtensa-esp32s3-elf/lib/gcc/xtensa-esp32s3-elf/11.2.0/crtend.o;/Users/aidancostello/.espressif/tools/xtensa-esp32s3-elf/esp-2022r1-11.2.0/xtensa-esp32s3-elf/lib/gcc/xtensa-esp32s3-elf/11.2.0/crtn.o]
  implicit dirs: [/Users/aidancostello/.espressif/tools/xtensa-esp32s3-elf/esp-2022r1-11.2.0/xtensa-esp32s3-elf/lib/gcc/xtensa-esp32s3-elf/11.2.0;/Users/aidancostello/.espressif/tools/xtensa-esp32s3-elf/esp-2022r1-11.2.0/xtensa-esp32s3-elf/lib/gcc;/Users/aidancostello/.espressif/tools/xtensa-esp32s3-elf/esp-2022r1-11.2.0/xtensa-esp32s3-elf/xtensa-esp32s3-elf/lib]
  implicit fwks: []


Detecting CXX compiler ABI info compiled with the following output:
Change Dir: /Users/aidancostello/Github/TARS-Software/flight/blink/build/CMakeFiles/CMakeTmp

Run Build Command(s):/Users/aidancostello/.espressif/tools/ninja/1.10.2/ninja cmTC_25535 && [1/2] Building CXX object CMakeFiles/cmTC_25535.dir/CMakeCXXCompilerABI.cpp.obj
Using built-in specs.
COLLECT_GCC=/Users/aidancostello/.espressif/tools/xtensa-esp32s3-elf/esp-2022r1-11.2.0/xtensa-esp32s3-elf/bin/xtensa-esp32s3-elf-g++
Target: xtensa-esp32s3-elf
Configured with: /Users/brnomac003/.gitlab-runner/builds/qR2TxTby/0/idf/crosstool-NG/.build/xtensa-esp32s3-elf/src/gcc/configure --build=aarch64-build_apple-darwin21.4.0 --host=aarch64-build_apple-darwin21.4.0 --target=xtensa-esp32s3-elf --prefix=/Users/brnomac003/.gitlab-runner/builds/qR2TxTby/0/idf/crosstool-NG/builds/xtensa-esp32s3-elf --exec_prefix=/Users/brnomac003/.gitlab-runner/builds/qR2TxTby/0/idf/crosstool-NG/builds/xtensa-esp32s3-elf --with-local-prefix=/Users/brnomac003/.gitlab-runner/builds/qR2TxTby/0/idf/crosstool-NG/builds/xtensa-esp32s3-elf/xtensa-esp32s3-elf --with-headers=/Users/brnomac003/.gitlab-runner/builds/qR2TxTby/0/idf/crosstool-NG/builds/xtensa-esp32s3-elf/xtensa-esp32s3-elf/include --with-newlib --enable-threads=no --disable-shared --with-pkgversion='crosstool-NG esp-2022r1' --disable-__cxa_atexit --enable-cxx-flags=-ffunction-sections --disable-libgomp --disable-libmudflap --disable-libmpx --disable-libssp --disable-libquadmath --disable-libquadmath-support --disable-libstdcxx-verbose --with-gmp=/Users/brnomac003/.gitlab-runner/builds/qR2TxTby/0/idf/crosstool-NG/.build/xtensa-esp32s3-elf/buildtools --with-mpfr=/Users/brnomac003/.gitlab-runner/builds/qR2TxTby/0/idf/crosstool-NG/.build/xtensa-esp32s3-elf/buildtools --with-mpc=/Users/brnomac003/.gitlab-runner/builds/qR2TxTby/0/idf/crosstool-NG/.build/xtensa-esp32s3-elf/buildtools --with-isl=/Users/brnomac003/.gitlab-runner/builds/qR2TxTby/0/idf/crosstool-NG/.build/xtensa-esp32s3-elf/buildtools --enable-lto --enable-target-optspace --without-long-double-128 --disable-nls --enable-multiarch --enable-languages=c,c++ --disable-libstdcxx-verbose --enable-threads=posix --enable-gcov-custom-rtio --enable-libstdcxx-time=yes
Thread model: posix
Supported LTO compression algorithms: zlib
gcc version 11.2.0 (crosstool-NG esp-2022r1) 
COLLECT_GCC_OPTIONS='-mlongcalls' '-v' '-o' 'CMakeFiles/cmTC_25535.dir/CMakeCXXCompilerABI.cpp.obj' '-c' '-dumpdir' 'CMakeFiles/cmTC_25535.dir/'
 /Users/aidancostello/.espressif/tools/xtensa-esp32s3-elf/esp-2022r1-11.2.0/xtensa-esp32s3-elf/bin/../libexec/gcc/xtensa-esp32s3-elf/11.2.0/cc1plus -quiet -v -iprefix /Users/aidancostello/.espressif/tools/xtensa-esp32s3-elf/esp-2022r1-11.2.0/xtensa-esp32s3-elf/bin/../lib/gcc/xtensa-esp32s3-elf/11.2.0/ /Users/aidancostello/.espressif/tools/cmake/3.24.0/CMake.app/Contents/share/cmake-3.24/Modules/CMakeCXXCompilerABI.cpp -quiet -dumpdir CMakeFiles/cmTC_25535.dir/ -dumpbase CMakeCXXCompilerABI.cpp.cpp -dumpbase-ext .cpp -mlongcalls -version -o /var/folders/36/9917g7bd6bs6kbfbt_gq52640000gn/T//ccRd9DMT.s
GNU C++17 (crosstool-NG esp-2022r1) version 11.2.0 (xtensa-esp32s3-elf)
	compiled by GNU C version Apple LLVM 13.0.0 (clang-1300.0.27.3), GMP version 6.2.1, MPFR version 4.1.0, MPC version 1.2.1, isl version isl-0.24-GMP

GGC heuristics: --param ggc-min-expand=100 --param ggc-min-heapsize=131072
ignoring duplicate directory "/Users/aidancostello/.espressif/tools/xtensa-esp32s3-elf/esp-2022r1-11.2.0/xtensa-esp32s3-elf/bin/../lib/gcc/../../lib/gcc/xtensa-esp32s3-elf/11.2.0/../../../../xtensa-esp32s3-elf/include/c++/11.2.0"
ignoring duplicate directory "/Users/aidancostello/.espressif/tools/xtensa-esp32s3-elf/esp-2022r1-11.2.0/xtensa-esp32s3-elf/bin/../lib/gcc/../../lib/gcc/xtensa-esp32s3-elf/11.2.0/../../../../xtensa-esp32s3-elf/include/c++/11.2.0/xtensa-esp32s3-elf"
ignoring duplicate directory "/Users/aidancostello/.espressif/tools/xtensa-esp32s3-elf/esp-2022r1-11.2.0/xtensa-esp32s3-elf/bin/../lib/gcc/../../lib/gcc/xtensa-esp32s3-elf/11.2.0/../../../../xtensa-esp32s3-elf/include/c++/11.2.0/backward"
ignoring duplicate directory "/Users/aidancostello/.espressif/tools/xtensa-esp32s3-elf/esp-2022r1-11.2.0/xtensa-esp32s3-elf/bin/../lib/gcc/../../lib/gcc/xtensa-esp32s3-elf/11.2.0/include"
ignoring duplicate directory "/Users/aidancostello/.espressif/tools/xtensa-esp32s3-elf/esp-2022r1-11.2.0/xtensa-esp32s3-elf/bin/../lib/gcc/../../lib/gcc/xtensa-esp32s3-elf/11.2.0/include-fixed"
ignoring duplicate directory "/Users/aidancostello/.espressif/tools/xtensa-esp32s3-elf/esp-2022r1-11.2.0/xtensa-esp32s3-elf/bin/../lib/gcc/../../lib/gcc/xtensa-esp32s3-elf/11.2.0/../../../../xtensa-esp32s3-elf/sys-include"
ignoring duplicate directory "/Users/aidancostello/.espressif/tools/xtensa-esp32s3-elf/esp-2022r1-11.2.0/xtensa-esp32s3-elf/bin/../lib/gcc/../../lib/gcc/xtensa-esp32s3-elf/11.2.0/../../../../xtensa-esp32s3-elf/include"
#include "..." search starts here:
#include <...> search starts here:
 /Users/aidancostello/.espressif/tools/xtensa-esp32s3-elf/esp-2022r1-11.2.0/xtensa-esp32s3-elf/bin/../lib/gcc/xtensa-esp32s3-elf/11.2.0/../../../../xtensa-esp32s3-elf/include/c++/11.2.0
 /Users/aidancostello/.espressif/tools/xtensa-esp32s3-elf/esp-2022r1-11.2.0/xtensa-esp32s3-elf/bin/../lib/gcc/xtensa-esp32s3-elf/11.2.0/../../../../xtensa-esp32s3-elf/include/c++/11.2.0/xtensa-esp32s3-elf
 /Users/aidancostello/.espressif/tools/xtensa-esp32s3-elf/esp-2022r1-11.2.0/xtensa-esp32s3-elf/bin/../lib/gcc/xtensa-esp32s3-elf/11.2.0/../../../../xtensa-esp32s3-elf/include/c++/11.2.0/backward
 /Users/aidancostello/.espressif/tools/xtensa-esp32s3-elf/esp-2022r1-11.2.0/xtensa-esp32s3-elf/bin/../lib/gcc/xtensa-esp32s3-elf/11.2.0/include
 /Users/aidancostello/.espressif/tools/xtensa-esp32s3-elf/esp-2022r1-11.2.0/xtensa-esp32s3-elf/bin/../lib/gcc/xtensa-esp32s3-elf/11.2.0/include-fixed
 /Users/aidancostello/.espressif/tools/xtensa-esp32s3-elf/esp-2022r1-11.2.0/xtensa-esp32s3-elf/bin/../lib/gcc/xtensa-esp32s3-elf/11.2.0/../../../../xtensa-esp32s3-elf/sys-include
 /Users/aidancostello/.espressif/tools/xtensa-esp32s3-elf/esp-2022r1-11.2.0/xtensa-esp32s3-elf/bin/../lib/gcc/xtensa-esp32s3-elf/11.2.0/../../../../xtensa-esp32s3-elf/include
End of search list.
GNU C++17 (crosstool-NG esp-2022r1) version 11.2.0 (xtensa-esp32s3-elf)
	compiled by GNU C version Apple LLVM 13.0.0 (clang-1300.0.27.3), GMP version 6.2.1, MPFR version 4.1.0, MPC version 1.2.1, isl version isl-0.24-GMP

GGC heuristics: --param ggc-min-expand=100 --param ggc-min-heapsize=131072
Compiler executable checksum: 91f17acd9f2612e2102003284758b6f6
COLLECT_GCC_OPTIONS='-mlongcalls' '-v' '-o' 'CMakeFiles/cmTC_25535.dir/CMakeCXXCompilerABI.cpp.obj' '-c' '-dumpdir' 'CMakeFiles/cmTC_25535.dir/'
 /Users/aidancostello/.espressif/tools/xtensa-esp32s3-elf/esp-2022r1-11.2.0/xtensa-esp32s3-elf/bin/../lib/gcc/xtensa-esp32s3-elf/11.2.0/../../../../xtensa-esp32s3-elf/bin/as --traditional-format --longcalls -o CMakeFiles/cmTC_25535.dir/CMakeCXXCompilerABI.cpp.obj /var/folders/36/9917g7bd6bs6kbfbt_gq52640000gn/T//ccRd9DMT.s
COMPILER_PATH=/Users/aidancostello/.espressif/tools/xtensa-esp32s3-elf/esp-2022r1-11.2.0/xtensa-esp32s3-elf/bin/../libexec/gcc/xtensa-esp32s3-elf/11.2.0/:/Users/aidancostello/.espressif/tools/xtensa-esp32s3-elf/esp-2022r1-11.2.0/xtensa-esp32s3-elf/bin/../libexec/gcc/:/Users/aidancostello/.espressif/tools/xtensa-esp32s3-elf/esp-2022r1-11.2.0/xtensa-esp32s3-elf/bin/../lib/gcc/xtensa-esp32s3-elf/11.2.0/../../../../xtensa-esp32s3-elf/bin/
LIBRARY_PATH=/Users/aidancostello/.espressif/tools/xtensa-esp32s3-elf/esp-2022r1-11.2.0/xtensa-esp32s3-elf/bin/../lib/gcc/xtensa-esp32s3-elf/11.2.0/:/Users/aidancostello/.espressif/tools/xtensa-esp32s3-elf/esp-2022r1-11.2.0/xtensa-esp32s3-elf/bin/../lib/gcc/:/Users/aidancostello/.espressif/tools/xtensa-esp32s3-elf/esp-2022r1-11.2.0/xtensa-esp32s3-elf/bin/../lib/gcc/xtensa-esp32s3-elf/11.2.0/../../../../xtensa-esp32s3-elf/lib/
COLLECT_GCC_OPTIONS='-mlongcalls' '-v' '-o' 'CMakeFiles/cmTC_25535.dir/CMakeCXXCompilerABI.cpp.obj' '-c' '-dumpdir' 'CMakeFiles/cmTC_25535.dir/CMakeCXXCompilerABI.cpp.'
[2/2] Linking CXX executable cmTC_25535
Using built-in specs.
COLLECT_GCC=/Users/aidancostello/.espressif/tools/xtensa-esp32s3-elf/esp-2022r1-11.2.0/xtensa-esp32s3-elf/bin/xtensa-esp32s3-elf-g++
COLLECT_LTO_WRAPPER=/Users/aidancostello/.espressif/tools/xtensa-esp32s3-elf/esp-2022r1-11.2.0/xtensa-esp32s3-elf/bin/../libexec/gcc/xtensa-esp32s3-elf/11.2.0/lto-wrapper
Target: xtensa-esp32s3-elf
Configured with: /Users/brnomac003/.gitlab-runner/builds/qR2TxTby/0/idf/crosstool-NG/.build/xtensa-esp32s3-elf/src/gcc/configure --build=aarch64-build_apple-darwin21.4.0 --host=aarch64-build_apple-darwin21.4.0 --target=xtensa-esp32s3-elf --prefix=/Users/brnomac003/.gitlab-runner/builds/qR2TxTby/0/idf/crosstool-NG/builds/xtensa-esp32s3-elf --exec_prefix=/Users/brnomac003/.gitlab-runner/builds/qR2TxTby/0/idf/crosstool-NG/builds/xtensa-esp32s3-elf --with-local-prefix=/Users/brnomac003/.gitlab-runner/builds/qR2TxTby/0/idf/crosstool-NG/builds/xtensa-esp32s3-elf/xtensa-esp32s3-elf --with-headers=/Users/brnomac003/.gitlab-runner/builds/qR2TxTby/0/idf/crosstool-NG/builds/xtensa-esp32s3-elf/xtensa-esp32s3-elf/include --with-newlib --enable-threads=no --disable-shared --with-pkgversion='crosstool-NG esp-2022r1' --disable-__cxa_atexit --enable-cxx-flags=-ffunction-sections --disable-libgomp --disable-libmudflap --disable-libmpx --disable-libssp --disable-libquadmath --disable-libquadmath-support --disable-libstdcxx-verbose --with-gmp=/Users/brnomac003/.gitlab-runner/builds/qR2TxTby/0/idf/crosstool-NG/.build/xtensa-esp32s3-elf/buildtools --with-mpfr=/Users/brnomac003/.gitlab-runner/builds/qR2TxTby/0/idf/crosstool-NG/.build/xtensa-esp32s3-elf/buildtools --with-mpc=/Users/brnomac003/.gitlab-runner/builds/qR2TxTby/0/idf/crosstool-NG/.build/xtensa-esp32s3-elf/buildtools --with-isl=/Users/brnomac003/.gitlab-runner/builds/qR2TxTby/0/idf/crosstool-NG/.build/xtensa-esp32s3-elf/buildtools --enable-lto --enable-target-optspace --without-long-double-128 --disable-nls --enable-multiarch --enable-languages=c,c++ --disable-libstdcxx-verbose --enable-threads=posix --enable-gcov-custom-rtio --enable-libstdcxx-time=yes
Thread model: posix
Supported LTO compression algorithms: zlib
gcc version 11.2.0 (crosstool-NG esp-2022r1) 
COMPILER_PATH=/Users/aidancostello/.espressif/tools/xtensa-esp32s3-elf/esp-2022r1-11.2.0/xtensa-esp32s3-elf/bin/../libexec/gcc/xtensa-esp32s3-elf/11.2.0/:/Users/aidancostello/.espressif/tools/xtensa-esp32s3-elf/esp-2022r1-11.2.0/xtensa-esp32s3-elf/bin/../libexec/gcc/:/Users/aidancostello/.espressif/tools/xtensa-esp32s3-elf/esp-2022r1-11.2.0/xtensa-esp32s3-elf/bin/../lib/gcc/xtensa-esp32s3-elf/11.2.0/../../../../xtensa-esp32s3-elf/bin/
LIBRARY_PATH=/Users/aidancostello/.espressif/tools/xtensa-esp32s3-elf/esp-2022r1-11.2.0/xtensa-esp32s3-elf/bin/../lib/gcc/xtensa-esp32s3-elf/11.2.0/:/Users/aidancostello/.espressif/tools/xtensa-esp32s3-elf/esp-2022r1-11.2.0/xtensa-esp32s3-elf/bin/../lib/gcc/:/Users/aidancostello/.espressif/tools/xtensa-esp32s3-elf/esp-2022r1-11.2.0/xtensa-esp32s3-elf/bin/../lib/gcc/xtensa-esp32s3-elf/11.2.0/../../../../xtensa-esp32s3-elf/lib/
COLLECT_GCC_OPTIONS='-mlongcalls' '-v' '-o' 'cmTC_25535' '-dumpdir' 'cmTC_25535.'
 /Users/aidancostello/.espressif/tools/xtensa-esp32s3-elf/esp-2022r1-11.2.0/xtensa-esp32s3-elf/bin/../libexec/gcc/xtensa-esp32s3-elf/11.2.0/collect2 -plugin /Users/aidancostello/.espressif/tools/xtensa-esp32s3-elf/esp-2022r1-11.2.0/xtensa-esp32s3-elf/bin/../libexec/gcc/xtensa-esp32s3-elf/11.2.0/liblto_plugin.so -plugin-opt=/Users/aidancostello/.espressif/tools/xtensa-esp32s3-elf/esp-2022r1-11.2.0/xtensa-esp32s3-elf/bin/../libexec/gcc/xtensa-esp32s3-elf/11.2.0/lto-wrapper -plugin-opt=-fresolution=/var/folders/36/9917g7bd6bs6kbfbt_gq52640000gn/T//ccIk5P0A.res -plugin-opt=-pass-through=-lgcc -plugin-opt=-pass-through=-lc -plugin-opt=-pass-through=-lnosys -plugin-opt=-pass-through=-lc -plugin-opt=-pass-through=-lgcc -o cmTC_25535 /Users/aidancostello/.espressif/tools/xtensa-esp32s3-elf/esp-2022r1-11.2.0/xtensa-esp32s3-elf/bin/../lib/gcc/xtensa-esp32s3-elf/11.2.0/../../../../xtensa-esp32s3-elf/lib/crt0.o /Users/aidancostello/.espressif/tools/xtensa-esp32s3-elf/esp-2022r1-11.2.0/xtensa-esp32s3-elf/bin/../lib/gcc/xtensa-esp32s3-elf/11.2.0/crti.o /Users/aidancostello/.espressif/tools/xtensa-esp32s3-elf/esp-2022r1-11.2.0/xtensa-esp32s3-elf/bin/../lib/gcc/xtensa-esp32s3-elf/11.2.0/crtbegin.o -L/Users/aidancostello/.espressif/tools/xtensa-esp32s3-elf/esp-2022r1-11.2.0/xtensa-esp32s3-elf/bin/../lib/gcc/xtensa-esp32s3-elf/11.2.0 -L/Users/aidancostello/.espressif/tools/xtensa-esp32s3-elf/esp-2022r1-11.2.0/xtensa-esp32s3-elf/bin/../lib/gcc -L/Users/aidancostello/.espressif/tools/xtensa-esp32s3-elf/esp-2022r1-11.2.0/xtensa-esp32s3-elf/bin/../lib/gcc/xtensa-esp32s3-elf/11.2.0/../../../../xtensa-esp32s3-elf/lib CMakeFiles/cmTC_25535.dir/CMakeCXXCompilerABI.cpp.obj -lstdc++ -lm -lgcc -lc -lnosys -lc -lgcc /Users/aidancostello/.espressif/tools/xtensa-esp32s3-elf/esp-2022r1-11.2.0/xtensa-esp32s3-elf/bin/../lib/gcc/xtensa-esp32s3-elf/11.2.0/crtend.o /Users/aidancostello/.espressif/tools/xtensa-esp32s3-elf/esp-2022r1-11.2.0/xtensa-esp32s3-elf/bin/../lib/gcc/xtensa-esp32s3-elf/11.2.0/crtn.o
COLLECT_GCC_OPTIONS='-mlongcalls' '-v' '-o' 'cmTC_25535' '-dumpdir' 'cmTC_25535.'



Parsed CXX implicit include dir info from above output: rv=done
  found start of include info
  found start of implicit include info
    add: [/Users/aidancostello/.espressif/tools/xtensa-esp32s3-elf/esp-2022r1-11.2.0/xtensa-esp32s3-elf/bin/../lib/gcc/xtensa-esp32s3-elf/11.2.0/../../../../xtensa-esp32s3-elf/include/c++/11.2.0]
    add: [/Users/aidancostello/.espressif/tools/xtensa-esp32s3-elf/esp-2022r1-11.2.0/xtensa-esp32s3-elf/bin/../lib/gcc/xtensa-esp32s3-elf/11.2.0/../../../../xtensa-esp32s3-elf/include/c++/11.2.0/xtensa-esp32s3-elf]
    add: [/Users/aidancostello/.espressif/tools/xtensa-esp32s3-elf/esp-2022r1-11.2.0/xtensa-esp32s3-elf/bin/../lib/gcc/xtensa-esp32s3-elf/11.2.0/../../../../xtensa-esp32s3-elf/include/c++/11.2.0/backward]
    add: [/Users/aidancostello/.espressif/tools/xtensa-esp32s3-elf/esp-2022r1-11.2.0/xtensa-esp32s3-elf/bin/../lib/gcc/xtensa-esp32s3-elf/11.2.0/include]
    add: [/Users/aidancostello/.espressif/tools/xtensa-esp32s3-elf/esp-2022r1-11.2.0/xtensa-esp32s3-elf/bin/../lib/gcc/xtensa-esp32s3-elf/11.2.0/include-fixed]
    add: [/Users/aidancostello/.espressif/tools/xtensa-esp32s3-elf/esp-2022r1-11.2.0/xtensa-esp32s3-elf/bin/../lib/gcc/xtensa-esp32s3-elf/11.2.0/../../../../xtensa-esp32s3-elf/sys-include]
    add: [/Users/aidancostello/.espressif/tools/xtensa-esp32s3-elf/esp-2022r1-11.2.0/xtensa-esp32s3-elf/bin/../lib/gcc/xtensa-esp32s3-elf/11.2.0/../../../../xtensa-esp32s3-elf/include]
  end of search list found
  collapse include dir [/Users/aidancostello/.espressif/tools/xtensa-esp32s3-elf/esp-2022r1-11.2.0/xtensa-esp32s3-elf/bin/../lib/gcc/xtensa-esp32s3-elf/11.2.0/../../../../xtensa-esp32s3-elf/include/c++/11.2.0] ==> [/Users/aidancostello/.espressif/tools/xtensa-esp32s3-elf/esp-2022r1-11.2.0/xtensa-esp32s3-elf/xtensa-esp32s3-elf/include/c++/11.2.0]
  collapse include dir [/Users/aidancostello/.espressif/tools/xtensa-esp32s3-elf/esp-2022r1-11.2.0/xtensa-esp32s3-elf/bin/../lib/gcc/xtensa-esp32s3-elf/11.2.0/../../../../xtensa-esp32s3-elf/include/c++/11.2.0/xtensa-esp32s3-elf] ==> [/Users/aidancostello/.espressif/tools/xtensa-esp32s3-elf/esp-2022r1-11.2.0/xtensa-esp32s3-elf/xtensa-esp32s3-elf/include/c++/11.2.0/xtensa-esp32s3-elf]
  collapse include dir [/Users/aidancostello/.espressif/tools/xtensa-esp32s3-elf/esp-2022r1-11.2.0/xtensa-esp32s3-elf/bin/../lib/gcc/xtensa-esp32s3-elf/11.2.0/../../../../xtensa-esp32s3-elf/include/c++/11.2.0/backward] ==> [/Users/aidancostello/.espressif/tools/xtensa-esp32s3-elf/esp-2022r1-11.2.0/xtensa-esp32s3-elf/xtensa-esp32s3-elf/include/c++/11.2.0/backward]
  collapse include dir [/Users/aidancostello/.espressif/tools/xtensa-esp32s3-elf/esp-2022r1-11.2.0/xtensa-esp32s3-elf/bin/../lib/gcc/xtensa-esp32s3-elf/11.2.0/include] ==> [/Users/aidancostello/.espressif/tools/xtensa-esp32s3-elf/esp-2022r1-11.2.0/xtensa-esp32s3-elf/lib/gcc/xtensa-esp32s3-elf/11.2.0/include]
  collapse include dir [/Users/aidancostello/.espressif/tools/xtensa-esp32s3-elf/esp-2022r1-11.2.0/xtensa-esp32s3-elf/bin/../lib/gcc/xtensa-esp32s3-elf/11.2.0/include-fixed] ==> [/Users/aidancostello/.espressif/tools/xtensa-esp32s3-elf/esp-2022r1-11.2.0/xtensa-esp32s3-elf/lib/gcc/xtensa-esp32s3-elf/11.2.0/include-fixed]
  collapse include dir [/Users/aidancostello/.espressif/tools/xtensa-esp32s3-elf/esp-2022r1-11.2.0/xtensa-esp32s3-elf/bin/../lib/gcc/xtensa-esp32s3-elf/11.2.0/../../../../xtensa-esp32s3-elf/sys-include] ==> [/Users/aidancostello/.espressif/tools/xtensa-esp32s3-elf/esp-2022r1-11.2.0/xtensa-esp32s3-elf/xtensa-esp32s3-elf/sys-include]
  collapse include dir [/Users/aidancostello/.espressif/tools/xtensa-esp32s3-elf/esp-2022r1-11.2.0/xtensa-esp32s3-elf/bin/../lib/gcc/xtensa-esp32s3-elf/11.2.0/../../../../xtensa-esp32s3-elf/include] ==> [/Users/aidancostello/.espressif/tools/xtensa-esp32s3-elf/esp-2022r1-11.2.0/xtensa-esp32s3-elf/xtensa-esp32s3-elf/include]
  implicit include dirs: [/Users/aidancostello/.espressif/tools/xtensa-esp32s3-elf/esp-2022r1-11.2.0/xtensa-esp32s3-elf/xtensa-esp32s3-elf/include/c++/11.2.0;/Users/aidancostello/.espressif/tools/xtensa-esp32s3-elf/esp-2022r1-11.2.0/xtensa-esp32s3-elf/xtensa-esp32s3-elf/include/c++/11.2.0/xtensa-esp32s3-elf;/Users/aidancostello/.espressif/tools/xtensa-esp32s3-elf/esp-2022r1-11.2.0/xtensa-esp32s3-elf/xtensa-esp32s3-elf/include/c++/11.2.0/backward;/Users/aidancostello/.espressif/tools/xtensa-esp32s3-elf/esp-2022r1-11.2.0/xtensa-esp32s3-elf/lib/gcc/xtensa-esp32s3-elf/11.2.0/include;/Users/aidancostello/.espressif/tools/xtensa-esp32s3-elf/esp-2022r1-11.2.0/xtensa-esp32s3-elf/lib/gcc/xtensa-esp32s3-elf/11.2.0/include-fixed;/Users/aidancostello/.espressif/tools/xtensa-esp32s3-elf/esp-2022r1-11.2.0/xtensa-esp32s3-elf/xtensa-esp32s3-elf/sys-include;/Users/aidancostello/.espressif/tools/xtensa-esp32s3-elf/esp-2022r1-11.2.0/xtensa-esp32s3-elf/xtensa-esp32s3-elf/include]


Parsed CXX implicit link information from above output:
  link line regex: [^( *|.*[/\])(xtensa-esp32s3-elf-ld|CMAKE_LINK_STARTFILE-NOTFOUND|([^/\]+-)?ld|collect2)[^/\]*( |$)]
  ignore line: [Change Dir: /Users/aidancostello/Github/TARS-Software/flight/blink/build/CMakeFiles/CMakeTmp]
  ignore line: []
  ignore line: [Run Build Command(s):/Users/aidancostello/.espressif/tools/ninja/1.10.2/ninja cmTC_25535 && [1/2] Building CXX object CMakeFiles/cmTC_25535.dir/CMakeCXXCompilerABI.cpp.obj]
  ignore line: [Using built-in specs.]
  ignore line: [COLLECT_GCC=/Users/aidancostello/.espressif/tools/xtensa-esp32s3-elf/esp-2022r1-11.2.0/xtensa-esp32s3-elf/bin/xtensa-esp32s3-elf-g++]
  ignore line: [Target: xtensa-esp32s3-elf]
  ignore line: [Configured with: /Users/brnomac003/.gitlab-runner/builds/qR2TxTby/0/idf/crosstool-NG/.build/xtensa-esp32s3-elf/src/gcc/configure --build=aarch64-build_apple-darwin21.4.0 --host=aarch64-build_apple-darwin21.4.0 --target=xtensa-esp32s3-elf --prefix=/Users/brnomac003/.gitlab-runner/builds/qR2TxTby/0/idf/crosstool-NG/builds/xtensa-esp32s3-elf --exec_prefix=/Users/brnomac003/.gitlab-runner/builds/qR2TxTby/0/idf/crosstool-NG/builds/xtensa-esp32s3-elf --with-local-prefix=/Users/brnomac003/.gitlab-runner/builds/qR2TxTby/0/idf/crosstool-NG/builds/xtensa-esp32s3-elf/xtensa-esp32s3-elf --with-headers=/Users/brnomac003/.gitlab-runner/builds/qR2TxTby/0/idf/crosstool-NG/builds/xtensa-esp32s3-elf/xtensa-esp32s3-elf/include --with-newlib --enable-threads=no --disable-shared --with-pkgversion='crosstool-NG esp-2022r1' --disable-__cxa_atexit --enable-cxx-flags=-ffunction-sections --disable-libgomp --disable-libmudflap --disable-libmpx --disable-libssp --disable-libquadmath --disable-libquadmath-support --disable-libstdcxx-verbose --with-gmp=/Users/brnomac003/.gitlab-runner/builds/qR2TxTby/0/idf/crosstool-NG/.build/xtensa-esp32s3-elf/buildtools --with-mpfr=/Users/brnomac003/.gitlab-runner/builds/qR2TxTby/0/idf/crosstool-NG/.build/xtensa-esp32s3-elf/buildtools --with-mpc=/Users/brnomac003/.gitlab-runner/builds/qR2TxTby/0/idf/crosstool-NG/.build/xtensa-esp32s3-elf/buildtools --with-isl=/Users/brnomac003/.gitlab-runner/builds/qR2TxTby/0/idf/crosstool-NG/.build/xtensa-esp32s3-elf/buildtools --enable-lto --enable-target-optspace --without-long-double-128 --disable-nls --enable-multiarch --enable-languages=c c++ --disable-libstdcxx-verbose --enable-threads=posix --enable-gcov-custom-rtio --enable-libstdcxx-time=yes]
  ignore line: [Thread model: posix]
  ignore line: [Supported LTO compression algorithms: zlib]
  ignore line: [gcc version 11.2.0 (crosstool-NG esp-2022r1) ]
  ignore line: [COLLECT_GCC_OPTIONS='-mlongcalls' '-v' '-o' 'CMakeFiles/cmTC_25535.dir/CMakeCXXCompilerABI.cpp.obj' '-c' '-dumpdir' 'CMakeFiles/cmTC_25535.dir/']
  ignore line: [ /Users/aidancostello/.espressif/tools/xtensa-esp32s3-elf/esp-2022r1-11.2.0/xtensa-esp32s3-elf/bin/../libexec/gcc/xtensa-esp32s3-elf/11.2.0/cc1plus -quiet -v -iprefix /Users/aidancostello/.espressif/tools/xtensa-esp32s3-elf/esp-2022r1-11.2.0/xtensa-esp32s3-elf/bin/../lib/gcc/xtensa-esp32s3-elf/11.2.0/ /Users/aidancostello/.espressif/tools/cmake/3.24.0/CMake.app/Contents/share/cmake-3.24/Modules/CMakeCXXCompilerABI.cpp -quiet -dumpdir CMakeFiles/cmTC_25535.dir/ -dumpbase CMakeCXXCompilerABI.cpp.cpp -dumpbase-ext .cpp -mlongcalls -version -o /var/folders/36/9917g7bd6bs6kbfbt_gq52640000gn/T//ccRd9DMT.s]
  ignore line: [GNU C++17 (crosstool-NG esp-2022r1) version 11.2.0 (xtensa-esp32s3-elf)]
  ignore line: [	compiled by GNU C version Apple LLVM 13.0.0 (clang-1300.0.27.3)  GMP version 6.2.1  MPFR version 4.1.0  MPC version 1.2.1  isl version isl-0.24-GMP]
  ignore line: []
  ignore line: [GGC heuristics: --param ggc-min-expand=100 --param ggc-min-heapsize=131072]
  ignore line: [ignoring duplicate directory "/Users/aidancostello/.espressif/tools/xtensa-esp32s3-elf/esp-2022r1-11.2.0/xtensa-esp32s3-elf/bin/../lib/gcc/../../lib/gcc/xtensa-esp32s3-elf/11.2.0/../../../../xtensa-esp32s3-elf/include/c++/11.2.0"]
  ignore line: [ignoring duplicate directory "/Users/aidancostello/.espressif/tools/xtensa-esp32s3-elf/esp-2022r1-11.2.0/xtensa-esp32s3-elf/bin/../lib/gcc/../../lib/gcc/xtensa-esp32s3-elf/11.2.0/../../../../xtensa-esp32s3-elf/include/c++/11.2.0/xtensa-esp32s3-elf"]
  ignore line: [ignoring duplicate directory "/Users/aidancostello/.espressif/tools/xtensa-esp32s3-elf/esp-2022r1-11.2.0/xtensa-esp32s3-elf/bin/../lib/gcc/../../lib/gcc/xtensa-esp32s3-elf/11.2.0/../../../../xtensa-esp32s3-elf/include/c++/11.2.0/backward"]
  ignore line: [ignoring duplicate directory "/Users/aidancostello/.espressif/tools/xtensa-esp32s3-elf/esp-2022r1-11.2.0/xtensa-esp32s3-elf/bin/../lib/gcc/../../lib/gcc/xtensa-esp32s3-elf/11.2.0/include"]
  ignore line: [ignoring duplicate directory "/Users/aidancostello/.espressif/tools/xtensa-esp32s3-elf/esp-2022r1-11.2.0/xtensa-esp32s3-elf/bin/../lib/gcc/../../lib/gcc/xtensa-esp32s3-elf/11.2.0/include-fixed"]
  ignore line: [ignoring duplicate directory "/Users/aidancostello/.espressif/tools/xtensa-esp32s3-elf/esp-2022r1-11.2.0/xtensa-esp32s3-elf/bin/../lib/gcc/../../lib/gcc/xtensa-esp32s3-elf/11.2.0/../../../../xtensa-esp32s3-elf/sys-include"]
  ignore line: [ignoring duplicate directory "/Users/aidancostello/.espressif/tools/xtensa-esp32s3-elf/esp-2022r1-11.2.0/xtensa-esp32s3-elf/bin/../lib/gcc/../../lib/gcc/xtensa-esp32s3-elf/11.2.0/../../../../xtensa-esp32s3-elf/include"]
  ignore line: [#include "..." search starts here:]
  ignore line: [#include <...> search starts here:]
  ignore line: [ /Users/aidancostello/.espressif/tools/xtensa-esp32s3-elf/esp-2022r1-11.2.0/xtensa-esp32s3-elf/bin/../lib/gcc/xtensa-esp32s3-elf/11.2.0/../../../../xtensa-esp32s3-elf/include/c++/11.2.0]
  ignore line: [ /Users/aidancostello/.espressif/tools/xtensa-esp32s3-elf/esp-2022r1-11.2.0/xtensa-esp32s3-elf/bin/../lib/gcc/xtensa-esp32s3-elf/11.2.0/../../../../xtensa-esp32s3-elf/include/c++/11.2.0/xtensa-esp32s3-elf]
  ignore line: [ /Users/aidancostello/.espressif/tools/xtensa-esp32s3-elf/esp-2022r1-11.2.0/xtensa-esp32s3-elf/bin/../lib/gcc/xtensa-esp32s3-elf/11.2.0/../../../../xtensa-esp32s3-elf/include/c++/11.2.0/backward]
  ignore line: [ /Users/aidancostello/.espressif/tools/xtensa-esp32s3-elf/esp-2022r1-11.2.0/xtensa-esp32s3-elf/bin/../lib/gcc/xtensa-esp32s3-elf/11.2.0/include]
  ignore line: [ /Users/aidancostello/.espressif/tools/xtensa-esp32s3-elf/esp-2022r1-11.2.0/xtensa-esp32s3-elf/bin/../lib/gcc/xtensa-esp32s3-elf/11.2.0/include-fixed]
  ignore line: [ /Users/aidancostello/.espressif/tools/xtensa-esp32s3-elf/esp-2022r1-11.2.0/xtensa-esp32s3-elf/bin/../lib/gcc/xtensa-esp32s3-elf/11.2.0/../../../../xtensa-esp32s3-elf/sys-include]
  ignore line: [ /Users/aidancostello/.espressif/tools/xtensa-esp32s3-elf/esp-2022r1-11.2.0/xtensa-esp32s3-elf/bin/../lib/gcc/xtensa-esp32s3-elf/11.2.0/../../../../xtensa-esp32s3-elf/include]
  ignore line: [End of search list.]
  ignore line: [GNU C++17 (crosstool-NG esp-2022r1) version 11.2.0 (xtensa-esp32s3-elf)]
  ignore line: [	compiled by GNU C version Apple LLVM 13.0.0 (clang-1300.0.27.3)  GMP version 6.2.1  MPFR version 4.1.0  MPC version 1.2.1  isl version isl-0.24-GMP]
  ignore line: []
  ignore line: [GGC heuristics: --param ggc-min-expand=100 --param ggc-min-heapsize=131072]
  ignore line: [Compiler executable checksum: 91f17acd9f2612e2102003284758b6f6]
  ignore line: [COLLECT_GCC_OPTIONS='-mlongcalls' '-v' '-o' 'CMakeFiles/cmTC_25535.dir/CMakeCXXCompilerABI.cpp.obj' '-c' '-dumpdir' 'CMakeFiles/cmTC_25535.dir/']
  ignore line: [ /Users/aidancostello/.espressif/tools/xtensa-esp32s3-elf/esp-2022r1-11.2.0/xtensa-esp32s3-elf/bin/../lib/gcc/xtensa-esp32s3-elf/11.2.0/../../../../xtensa-esp32s3-elf/bin/as --traditional-format --longcalls -o CMakeFiles/cmTC_25535.dir/CMakeCXXCompilerABI.cpp.obj /var/folders/36/9917g7bd6bs6kbfbt_gq52640000gn/T//ccRd9DMT.s]
  ignore line: [COMPILER_PATH=/Users/aidancostello/.espressif/tools/xtensa-esp32s3-elf/esp-2022r1-11.2.0/xtensa-esp32s3-elf/bin/../libexec/gcc/xtensa-esp32s3-elf/11.2.0/:/Users/aidancostello/.espressif/tools/xtensa-esp32s3-elf/esp-2022r1-11.2.0/xtensa-esp32s3-elf/bin/../libexec/gcc/:/Users/aidancostello/.espressif/tools/xtensa-esp32s3-elf/esp-2022r1-11.2.0/xtensa-esp32s3-elf/bin/../lib/gcc/xtensa-esp32s3-elf/11.2.0/../../../../xtensa-esp32s3-elf/bin/]
  ignore line: [LIBRARY_PATH=/Users/aidancostello/.espressif/tools/xtensa-esp32s3-elf/esp-2022r1-11.2.0/xtensa-esp32s3-elf/bin/../lib/gcc/xtensa-esp32s3-elf/11.2.0/:/Users/aidancostello/.espressif/tools/xtensa-esp32s3-elf/esp-2022r1-11.2.0/xtensa-esp32s3-elf/bin/../lib/gcc/:/Users/aidancostello/.espressif/tools/xtensa-esp32s3-elf/esp-2022r1-11.2.0/xtensa-esp32s3-elf/bin/../lib/gcc/xtensa-esp32s3-elf/11.2.0/../../../../xtensa-esp32s3-elf/lib/]
  ignore line: [COLLECT_GCC_OPTIONS='-mlongcalls' '-v' '-o' 'CMakeFiles/cmTC_25535.dir/CMakeCXXCompilerABI.cpp.obj' '-c' '-dumpdir' 'CMakeFiles/cmTC_25535.dir/CMakeCXXCompilerABI.cpp.']
  ignore line: [[2/2] Linking CXX executable cmTC_25535]
  ignore line: [Using built-in specs.]
  ignore line: [COLLECT_GCC=/Users/aidancostello/.espressif/tools/xtensa-esp32s3-elf/esp-2022r1-11.2.0/xtensa-esp32s3-elf/bin/xtensa-esp32s3-elf-g++]
  ignore line: [COLLECT_LTO_WRAPPER=/Users/aidancostello/.espressif/tools/xtensa-esp32s3-elf/esp-2022r1-11.2.0/xtensa-esp32s3-elf/bin/../libexec/gcc/xtensa-esp32s3-elf/11.2.0/lto-wrapper]
  ignore line: [Target: xtensa-esp32s3-elf]
  ignore line: [Configured with: /Users/brnomac003/.gitlab-runner/builds/qR2TxTby/0/idf/crosstool-NG/.build/xtensa-esp32s3-elf/src/gcc/configure --build=aarch64-build_apple-darwin21.4.0 --host=aarch64-build_apple-darwin21.4.0 --target=xtensa-esp32s3-elf --prefix=/Users/brnomac003/.gitlab-runner/builds/qR2TxTby/0/idf/crosstool-NG/builds/xtensa-esp32s3-elf --exec_prefix=/Users/brnomac003/.gitlab-runner/builds/qR2TxTby/0/idf/crosstool-NG/builds/xtensa-esp32s3-elf --with-local-prefix=/Users/brnomac003/.gitlab-runner/builds/qR2TxTby/0/idf/crosstool-NG/builds/xtensa-esp32s3-elf/xtensa-esp32s3-elf --with-headers=/Users/brnomac003/.gitlab-runner/builds/qR2TxTby/0/idf/crosstool-NG/builds/xtensa-esp32s3-elf/xtensa-esp32s3-elf/include --with-newlib --enable-threads=no --disable-shared --with-pkgversion='crosstool-NG esp-2022r1' --disable-__cxa_atexit --enable-cxx-flags=-ffunction-sections --disable-libgomp --disable-libmudflap --disable-libmpx --disable-libssp --disable-libquadmath --disable-libquadmath-support --disable-libstdcxx-verbose --with-gmp=/Users/brnomac003/.gitlab-runner/builds/qR2TxTby/0/idf/crosstool-NG/.build/xtensa-esp32s3-elf/buildtools --with-mpfr=/Users/brnomac003/.gitlab-runner/builds/qR2TxTby/0/idf/crosstool-NG/.build/xtensa-esp32s3-elf/buildtools --with-mpc=/Users/brnomac003/.gitlab-runner/builds/qR2TxTby/0/idf/crosstool-NG/.build/xtensa-esp32s3-elf/buildtools --with-isl=/Users/brnomac003/.gitlab-runner/builds/qR2TxTby/0/idf/crosstool-NG/.build/xtensa-esp32s3-elf/buildtools --enable-lto --enable-target-optspace --without-long-double-128 --disable-nls --enable-multiarch --enable-languages=c c++ --disable-libstdcxx-verbose --enable-threads=posix --enable-gcov-custom-rtio --enable-libstdcxx-time=yes]
  ignore line: [Thread model: posix]
  ignore line: [Supported LTO compression algorithms: zlib]
  ignore line: [gcc version 11.2.0 (crosstool-NG esp-2022r1) ]
  ignore line: [COMPILER_PATH=/Users/aidancostello/.espressif/tools/xtensa-esp32s3-elf/esp-2022r1-11.2.0/xtensa-esp32s3-elf/bin/../libexec/gcc/xtensa-esp32s3-elf/11.2.0/:/Users/aidancostello/.espressif/tools/xtensa-esp32s3-elf/esp-2022r1-11.2.0/xtensa-esp32s3-elf/bin/../libexec/gcc/:/Users/aidancostello/.espressif/tools/xtensa-esp32s3-elf/esp-2022r1-11.2.0/xtensa-esp32s3-elf/bin/../lib/gcc/xtensa-esp32s3-elf/11.2.0/../../../../xtensa-esp32s3-elf/bin/]
  ignore line: [LIBRARY_PATH=/Users/aidancostello/.espressif/tools/xtensa-esp32s3-elf/esp-2022r1-11.2.0/xtensa-esp32s3-elf/bin/../lib/gcc/xtensa-esp32s3-elf/11.2.0/:/Users/aidancostello/.espressif/tools/xtensa-esp32s3-elf/esp-2022r1-11.2.0/xtensa-esp32s3-elf/bin/../lib/gcc/:/Users/aidancostello/.espressif/tools/xtensa-esp32s3-elf/esp-2022r1-11.2.0/xtensa-esp32s3-elf/bin/../lib/gcc/xtensa-esp32s3-elf/11.2.0/../../../../xtensa-esp32s3-elf/lib/]
  ignore line: [COLLECT_GCC_OPTIONS='-mlongcalls' '-v' '-o' 'cmTC_25535' '-dumpdir' 'cmTC_25535.']
  link line: [ /Users/aidancostello/.espressif/tools/xtensa-esp32s3-elf/esp-2022r1-11.2.0/xtensa-esp32s3-elf/bin/../libexec/gcc/xtensa-esp32s3-elf/11.2.0/collect2 -plugin /Users/aidancostello/.espressif/tools/xtensa-esp32s3-elf/esp-2022r1-11.2.0/xtensa-esp32s3-elf/bin/../libexec/gcc/xtensa-esp32s3-elf/11.2.0/liblto_plugin.so -plugin-opt=/Users/aidancostello/.espressif/tools/xtensa-esp32s3-elf/esp-2022r1-11.2.0/xtensa-esp32s3-elf/bin/../libexec/gcc/xtensa-esp32s3-elf/11.2.0/lto-wrapper -plugin-opt=-fresolution=/var/folders/36/9917g7bd6bs6kbfbt_gq52640000gn/T//ccIk5P0A.res -plugin-opt=-pass-through=-lgcc -plugin-opt=-pass-through=-lc -plugin-opt=-pass-through=-lnosys -plugin-opt=-pass-through=-lc -plugin-opt=-pass-through=-lgcc -o cmTC_25535 /Users/aidancostello/.espressif/tools/xtensa-esp32s3-elf/esp-2022r1-11.2.0/xtensa-esp32s3-elf/bin/../lib/gcc/xtensa-esp32s3-elf/11.2.0/../../../../xtensa-esp32s3-elf/lib/crt0.o /Users/aidancostello/.espressif/tools/xtensa-esp32s3-elf/esp-2022r1-11.2.0/xtensa-esp32s3-elf/bin/../lib/gcc/xtensa-esp32s3-elf/11.2.0/crti.o /Users/aidancostello/.espressif/tools/xtensa-esp32s3-elf/esp-2022r1-11.2.0/xtensa-esp32s3-elf/bin/../lib/gcc/xtensa-esp32s3-elf/11.2.0/crtbegin.o -L/Users/aidancostello/.espressif/tools/xtensa-esp32s3-elf/esp-2022r1-11.2.0/xtensa-esp32s3-elf/bin/../lib/gcc/xtensa-esp32s3-elf/11.2.0 -L/Users/aidancostello/.espressif/tools/xtensa-esp32s3-elf/esp-2022r1-11.2.0/xtensa-esp32s3-elf/bin/../lib/gcc -L/Users/aidancostello/.espressif/tools/xtensa-esp32s3-elf/esp-2022r1-11.2.0/xtensa-esp32s3-elf/bin/../lib/gcc/xtensa-esp32s3-elf/11.2.0/../../../../xtensa-esp32s3-elf/lib CMakeFiles/cmTC_25535.dir/CMakeCXXCompilerABI.cpp.obj -lstdc++ -lm -lgcc -lc -lnosys -lc -lgcc /Users/aidancostello/.espressif/tools/xtensa-esp32s3-elf/esp-2022r1-11.2.0/xtensa-esp32s3-elf/bin/../lib/gcc/xtensa-esp32s3-elf/11.2.0/crtend.o /Users/aidancostello/.espressif/tools/xtensa-esp32s3-elf/esp-2022r1-11.2.0/xtensa-esp32s3-elf/bin/../lib/gcc/xtensa-esp32s3-elf/11.2.0/crtn.o]
    arg [/Users/aidancostello/.espressif/tools/xtensa-esp32s3-elf/esp-2022r1-11.2.0/xtensa-esp32s3-elf/bin/../libexec/gcc/xtensa-esp32s3-elf/11.2.0/collect2] ==> ignore
    arg [-plugin] ==> ignore
    arg [/Users/aidancostello/.espressif/tools/xtensa-esp32s3-elf/esp-2022r1-11.2.0/xtensa-esp32s3-elf/bin/../libexec/gcc/xtensa-esp32s3-elf/11.2.0/liblto_plugin.so] ==> ignore
    arg [-plugin-opt=/Users/aidancostello/.espressif/tools/xtensa-esp32s3-elf/esp-2022r1-11.2.0/xtensa-esp32s3-elf/bin/../libexec/gcc/xtensa-esp32s3-elf/11.2.0/lto-wrapper] ==> ignore
    arg [-plugin-opt=-fresolution=/var/folders/36/9917g7bd6bs6kbfbt_gq52640000gn/T//ccIk5P0A.res] ==> ignore
    arg [-plugin-opt=-pass-through=-lgcc] ==> ignore
    arg [-plugin-opt=-pass-through=-lc] ==> ignore
    arg [-plugin-opt=-pass-through=-lnosys] ==> ignore
    arg [-plugin-opt=-pass-through=-lc] ==> ignore
    arg [-plugin-opt=-pass-through=-lgcc] ==> ignore
    arg [-o] ==> ignore
    arg [cmTC_25535] ==> ignore
    arg [/Users/aidancostello/.espressif/tools/xtensa-esp32s3-elf/esp-2022r1-11.2.0/xtensa-esp32s3-elf/bin/../lib/gcc/xtensa-esp32s3-elf/11.2.0/../../../../xtensa-esp32s3-elf/lib/crt0.o] ==> obj [/Users/aidancostello/.espressif/tools/xtensa-esp32s3-elf/esp-2022r1-11.2.0/xtensa-esp32s3-elf/bin/../lib/gcc/xtensa-esp32s3-elf/11.2.0/../../../../xtensa-esp32s3-elf/lib/crt0.o]
    arg [/Users/aidancostello/.espressif/tools/xtensa-esp32s3-elf/esp-2022r1-11.2.0/xtensa-esp32s3-elf/bin/../lib/gcc/xtensa-esp32s3-elf/11.2.0/crti.o] ==> obj [/Users/aidancostello/.espressif/tools/xtensa-esp32s3-elf/esp-2022r1-11.2.0/xtensa-esp32s3-elf/bin/../lib/gcc/xtensa-esp32s3-elf/11.2.0/crti.o]
    arg [/Users/aidancostello/.espressif/tools/xtensa-esp32s3-elf/esp-2022r1-11.2.0/xtensa-esp32s3-elf/bin/../lib/gcc/xtensa-esp32s3-elf/11.2.0/crtbegin.o] ==> obj [/Users/aidancostello/.espressif/tools/xtensa-esp32s3-elf/esp-2022r1-11.2.0/xtensa-esp32s3-elf/bin/../lib/gcc/xtensa-esp32s3-elf/11.2.0/crtbegin.o]
    arg [-L/Users/aidancostello/.espressif/tools/xtensa-esp32s3-elf/esp-2022r1-11.2.0/xtensa-esp32s3-elf/bin/../lib/gcc/xtensa-esp32s3-elf/11.2.0] ==> dir [/Users/aidancostello/.espressif/tools/xtensa-esp32s3-elf/esp-2022r1-11.2.0/xtensa-esp32s3-elf/bin/../lib/gcc/xtensa-esp32s3-elf/11.2.0]
    arg [-L/Users/aidancostello/.espressif/tools/xtensa-esp32s3-elf/esp-2022r1-11.2.0/xtensa-esp32s3-elf/bin/../lib/gcc] ==> dir [/Users/aidancostello/.espressif/tools/xtensa-esp32s3-elf/esp-2022r1-11.2.0/xtensa-esp32s3-elf/bin/../lib/gcc]
    arg [-L/Users/aidancostello/.espressif/tools/xtensa-esp32s3-elf/esp-2022r1-11.2.0/xtensa-esp32s3-elf/bin/../lib/gcc/xtensa-esp32s3-elf/11.2.0/../../../../xtensa-esp32s3-elf/lib] ==> dir [/Users/aidancostello/.espressif/tools/xtensa-esp32s3-elf/esp-2022r1-11.2.0/xtensa-esp32s3-elf/bin/../lib/gcc/xtensa-esp32s3-elf/11.2.0/../../../../xtensa-esp32s3-elf/lib]
    arg [CMakeFiles/cmTC_25535.dir/CMakeCXXCompilerABI.cpp.obj] ==> ignore
    arg [-lstdc++] ==> lib [stdc++]
    arg [-lm] ==> lib [m]
    arg [-lgcc] ==> lib [gcc]
    arg [-lc] ==> lib [c]
    arg [-lnosys] ==> lib [nosys]
    arg [-lc] ==> lib [c]
    arg [-lgcc] ==> lib [gcc]
    arg [/Users/aidancostello/.espressif/tools/xtensa-esp32s3-elf/esp-2022r1-11.2.0/xtensa-esp32s3-elf/bin/../lib/gcc/xtensa-esp32s3-elf/11.2.0/crtend.o] ==> obj [/Users/aidancostello/.espressif/tools/xtensa-esp32s3-elf/esp-2022r1-11.2.0/xtensa-esp32s3-elf/bin/../lib/gcc/xtensa-esp32s3-elf/11.2.0/crtend.o]
    arg [/Users/aidancostello/.espressif/tools/xtensa-esp32s3-elf/esp-2022r1-11.2.0/xtensa-esp32s3-elf/bin/../lib/gcc/xtensa-esp32s3-elf/11.2.0/crtn.o] ==> obj [/Users/aidancostello/.espressif/tools/xtensa-esp32s3-elf/esp-2022r1-11.2.0/xtensa-esp32s3-elf/bin/../lib/gcc/xtensa-esp32s3-elf/11.2.0/crtn.o]
  collapse obj [/Users/aidancostello/.espressif/tools/xtensa-esp32s3-elf/esp-2022r1-11.2.0/xtensa-esp32s3-elf/bin/../lib/gcc/xtensa-esp32s3-elf/11.2.0/../../../../xtensa-esp32s3-elf/lib/crt0.o] ==> [/Users/aidancostello/.espressif/tools/xtensa-esp32s3-elf/esp-2022r1-11.2.0/xtensa-esp32s3-elf/xtensa-esp32s3-elf/lib/crt0.o]
  collapse obj [/Users/aidancostello/.espressif/tools/xtensa-esp32s3-elf/esp-2022r1-11.2.0/xtensa-esp32s3-elf/bin/../lib/gcc/xtensa-esp32s3-elf/11.2.0/crti.o] ==> [/Users/aidancostello/.espressif/tools/xtensa-esp32s3-elf/esp-2022r1-11.2.0/xtensa-esp32s3-elf/lib/gcc/xtensa-esp32s3-elf/11.2.0/crti.o]
  collapse obj [/Users/aidancostello/.espressif/tools/xtensa-esp32s3-elf/esp-2022r1-11.2.0/xtensa-esp32s3-elf/bin/../lib/gcc/xtensa-esp32s3-elf/11.2.0/crtbegin.o] ==> [/Users/aidancostello/.espressif/tools/xtensa-esp32s3-elf/esp-2022r1-11.2.0/xtensa-esp32s3-elf/lib/gcc/xtensa-esp32s3-elf/11.2.0/crtbegin.o]
  collapse obj [/Users/aidancostello/.espressif/tools/xtensa-esp32s3-elf/esp-2022r1-11.2.0/xtensa-esp32s3-elf/bin/../lib/gcc/xtensa-esp32s3-elf/11.2.0/crtend.o] ==> [/Users/aidancostello/.espressif/tools/xtensa-esp32s3-elf/esp-2022r1-11.2.0/xtensa-esp32s3-elf/lib/gcc/xtensa-esp32s3-elf/11.2.0/crtend.o]
  collapse obj [/Users/aidancostello/.espressif/tools/xtensa-esp32s3-elf/esp-2022r1-11.2.0/xtensa-esp32s3-elf/bin/../lib/gcc/xtensa-esp32s3-elf/11.2.0/crtn.o] ==> [/Users/aidancostello/.espressif/tools/xtensa-esp32s3-elf/esp-2022r1-11.2.0/xtensa-esp32s3-elf/lib/gcc/xtensa-esp32s3-elf/11.2.0/crtn.o]
  collapse library dir [/Users/aidancostello/.espressif/tools/xtensa-esp32s3-elf/esp-2022r1-11.2.0/xtensa-esp32s3-elf/bin/../lib/gcc/xtensa-esp32s3-elf/11.2.0] ==> [/Users/aidancostello/.espressif/tools/xtensa-esp32s3-elf/esp-2022r1-11.2.0/xtensa-esp32s3-elf/lib/gcc/xtensa-esp32s3-elf/11.2.0]
  collapse library dir [/Users/aidancostello/.espressif/tools/xtensa-esp32s3-elf/esp-2022r1-11.2.0/xtensa-esp32s3-elf/bin/../lib/gcc] ==> [/Users/aidancostello/.espressif/tools/xtensa-esp32s3-elf/esp-2022r1-11.2.0/xtensa-esp32s3-elf/lib/gcc]
  collapse library dir [/Users/aidancostello/.espressif/tools/xtensa-esp32s3-elf/esp-2022r1-11.2.0/xtensa-esp32s3-elf/bin/../lib/gcc/xtensa-esp32s3-elf/11.2.0/../../../../xtensa-esp32s3-elf/lib] ==> [/Users/aidancostello/.espressif/tools/xtensa-esp32s3-elf/esp-2022r1-11.2.0/xtensa-esp32s3-elf/xtensa-esp32s3-elf/lib]
  implicit libs: [stdc++;m;gcc;c;nosys;c;gcc]
  implicit objs: [/Users/aidancostello/.espressif/tools/xtensa-esp32s3-elf/esp-2022r1-11.2.0/xtensa-esp32s3-elf/xtensa-esp32s3-elf/lib/crt0.o;/Users/aidancostello/.espressif/tools/xtensa-esp32s3-elf/esp-2022r1-11.2.0/xtensa-esp32s3-elf/lib/gcc/xtensa-esp32s3-elf/11.2.0/crti.o;/Users/aidancostello/.espressif/tools/xtensa-esp32s3-elf/esp-2022r1-11.2.0/xtensa-esp32s3-elf/lib/gcc/xtensa-esp32s3-elf/11.2.0/crtbegin.o;/Users/aidancostello/.espressif/tools/xtensa-esp32s3-elf/esp-2022r1-11.2.0/xtensa-esp32s3-elf/lib/gcc/xtensa-esp32s3-elf/11.2.0/crtend.o;/Users/aidancostello/.espressif/tools/xtensa-esp32s3-elf/esp-2022r1-11.2.0/xtensa-esp32s3-elf/lib/gcc/xtensa-esp32s3-elf/11.2.0/crtn.o]
  implicit dirs: [/Users/aidancostello/.espressif/tools/xtensa-esp32s3-elf/esp-2022r1-11.2.0/xtensa-esp32s3-elf/lib/gcc/xtensa-esp32s3-elf/11.2.0;/Users/aidancostello/.espressif/tools/xtensa-esp32s3-elf/esp-2022r1-11.2.0/xtensa-esp32s3-elf/lib/gcc;/Users/aidancostello/.espressif/tools/xtensa-esp32s3-elf/esp-2022r1-11.2.0/xtensa-esp32s3-elf/xtensa-esp32s3-elf/lib]
  implicit fwks: []


Determining if the include file sys/types.h exists passed with the following output:
Change Dir: /Users/aidancostello/Github/TARS-Software/flight/blink/build/CMakeFiles/CMakeTmp

Run Build Command(s):/Users/aidancostello/.espressif/tools/ninja/1.10.2/ninja cmTC_20168 && [1/2] Building C object CMakeFiles/cmTC_20168.dir/CheckIncludeFile.c.obj
[2/2] Linking C executable cmTC_20168



Determining if the include file stdint.h exists passed with the following output:
Change Dir: /Users/aidancostello/Github/TARS-Software/flight/blink/build/CMakeFiles/CMakeTmp

Run Build Command(s):/Users/aidancostello/.espressif/tools/ninja/1.10.2/ninja cmTC_771bb && [1/2] Building C object CMakeFiles/cmTC_771bb.dir/CheckIncludeFile.c.obj
[2/2] Linking C executable cmTC_771bb



Determining if the include file stddef.h exists passed with the following output:
Change Dir: /Users/aidancostello/Github/TARS-Software/flight/blink/build/CMakeFiles/CMakeTmp

Run Build Command(s):/Users/aidancostello/.espressif/tools/ninja/1.10.2/ninja cmTC_e5977 && [1/2] Building C object CMakeFiles/cmTC_e5977.dir/CheckIncludeFile.c.obj
[2/2] Linking C executable cmTC_e5977



Determining size of time_t passed with the following output:
Change Dir: /Users/aidancostello/Github/TARS-Software/flight/blink/build/CMakeFiles/CMakeTmp

Run Build Command(s):/Users/aidancostello/.espressif/tools/ninja/1.10.2/ninja cmTC_1d385 && [1/2] Building C object CMakeFiles/cmTC_1d385.dir/TIME_T_SIZE.c.obj
[2/2] Linking C executable cmTC_1d385



Performing C SOURCE FILE Test C_COMPILER_SUPPORTS_WFORMAT_SIGNEDNESS succeeded with the following output:
Change Dir: /Users/aidancostello/Github/TARS-Software/flight/blink/build/CMakeFiles/CMakeTmp

Run Build Command(s):/Users/aidancostello/.espressif/tools/ninja/1.10.2/ninja cmTC_7159f && [1/2] Building C object CMakeFiles/cmTC_7159f.dir/src.c.obj
[2/2] Linking C executable cmTC_7159f


Source file was:
int main(void) { return 0; }
